
*** Running vivado
    with args -log FSM_A1.vdi -applog -m64 -product Vivado -messageDb vivado.pb -mode batch -source FSM_A1.tcl -notrace


****** Vivado v2020.2 (64-bit)
  **** SW Build 3064766 on Wed Nov 18 09:12:47 MST 2020
  **** IP Build 3064653 on Wed Nov 18 14:17:31 MST 2020
    ** Copyright 1986-2020 Xilinx, Inc. All Rights Reserved.

source FSM_A1.tcl -notrace
Command: link_design -top FSM_A1 -part xc7z010clg400-1
Design is defaulting to srcset: sources_1
Design is defaulting to constrset: constrs_1
INFO: [Device 21-403] Loading part xc7z010clg400-1
Netlist sorting complete. Time (s): cpu = 00:00:00 ; elapsed = 00:00:00 . Memory (MB): peak = 2427.098 ; gain = 0.000 ; free physical = 926 ; free virtual = 11655
INFO: [Project 1-479] Netlist was created with Vivado 2020.2
INFO: [Project 1-570] Preparing netlist for logic optimization
Parsing XDC File [/home/josemrtnz/Documents/ECE524L/fa21-e524-lab-assignment5-group-7/assignment1/assignment1.srcs/constrs_1/imports/constrs/Zybo-Z7-Master-full-adder-map.xdc]
Finished Parsing XDC File [/home/josemrtnz/Documents/ECE524L/fa21-e524-lab-assignment5-group-7/assignment1/assignment1.srcs/constrs_1/imports/constrs/Zybo-Z7-Master-full-adder-map.xdc]
INFO: [Opt 31-138] Pushed 0 inverter(s) to 0 load pin(s).
Netlist sorting complete. Time (s): cpu = 00:00:00 ; elapsed = 00:00:00 . Memory (MB): peak = 2427.098 ; gain = 0.000 ; free physical = 687 ; free virtual = 11564
INFO: [Project 1-111] Unisim Transformation Summary:
No Unisim elements were transformed.

5 Infos, 0 Warnings, 0 Critical Warnings and 0 Errors encountered.
link_design completed successfully
link_design: Time (s): cpu = 00:00:05 ; elapsed = 00:00:06 . Memory (MB): peak = 2427.098 ; gain = 0.102 ; free physical = 644 ; free virtual = 11563
Command: opt_design
Attempting to get a license for feature 'Implementation' and/or device 'xc7z010'
INFO: [Common 17-349] Got license for feature 'Implementation' and/or device 'xc7z010'
Running DRC as a precondition to command opt_design

Starting DRC Task
INFO: [DRC 23-27] Running DRC with 8 threads
INFO: [Project 1-461] DRC finished with 0 Errors
INFO: [Project 1-462] Please refer to the DRC report (report_drc) for more information.

Time (s): cpu = 00:00:02 ; elapsed = 00:00:01 . Memory (MB): peak = 2491.027 ; gain = 63.930 ; free physical = 508 ; free virtual = 11552

Starting Cache Timing Information Task
INFO: [Timing 38-35] Done setting XDC timing constraints.
Ending Cache Timing Information Task | Checksum: 11b2fd691

Time (s): cpu = 00:00:06 ; elapsed = 00:00:07 . Memory (MB): peak = 2816.020 ; gain = 324.992 ; free physical = 188 ; free virtual = 11181

Starting Logic Optimization Task

Phase 1 Retarget
INFO: [Opt 31-138] Pushed 0 inverter(s) to 0 load pin(s).
INFO: [Opt 31-49] Retargeted 0 cell(s).
Phase 1 Retarget | Checksum: 11b2fd691

Time (s): cpu = 00:00:00.01 ; elapsed = 00:00:00.03 . Memory (MB): peak = 2994.988 ; gain = 0.000 ; free physical = 178 ; free virtual = 11004
INFO: [Opt 31-389] Phase Retarget created 0 cells and removed 0 cells

Phase 2 Constant propagation
INFO: [Opt 31-138] Pushed 0 inverter(s) to 0 load pin(s).
Phase 2 Constant propagation | Checksum: 11b2fd691

Time (s): cpu = 00:00:00.01 ; elapsed = 00:00:00.03 . Memory (MB): peak = 2994.988 ; gain = 0.000 ; free physical = 178 ; free virtual = 11005
INFO: [Opt 31-389] Phase Constant propagation created 0 cells and removed 0 cells

Phase 3 Sweep
Phase 3 Sweep | Checksum: 11b2fd691

Time (s): cpu = 00:00:00.01 ; elapsed = 00:00:00.03 . Memory (MB): peak = 2994.988 ; gain = 0.000 ; free physical = 178 ; free virtual = 11005
INFO: [Opt 31-389] Phase Sweep created 0 cells and removed 0 cells

Phase 4 BUFG optimization
Phase 4 BUFG optimization | Checksum: 11b2fd691

Time (s): cpu = 00:00:00.01 ; elapsed = 00:00:00.03 . Memory (MB): peak = 2994.988 ; gain = 0.000 ; free physical = 178 ; free virtual = 11005
INFO: [Opt 31-662] Phase BUFG optimization created 0 cells of which 0 are BUFGs and removed 0 cells.

Phase 5 Shift Register Optimization
INFO: [Opt 31-1064] SRL Remap converted 0 SRLs to 0 registers and converted 0 registers of register chains to 0 SRLs
Phase 5 Shift Register Optimization | Checksum: 11b2fd691

Time (s): cpu = 00:00:00.01 ; elapsed = 00:00:00.04 . Memory (MB): peak = 2994.988 ; gain = 0.000 ; free physical = 178 ; free virtual = 11005
INFO: [Opt 31-389] Phase Shift Register Optimization created 0 cells and removed 0 cells

Phase 6 Post Processing Netlist
Phase 6 Post Processing Netlist | Checksum: 11b2fd691

Time (s): cpu = 00:00:00.02 ; elapsed = 00:00:00.04 . Memory (MB): peak = 2994.988 ; gain = 0.000 ; free physical = 178 ; free virtual = 11005
INFO: [Opt 31-389] Phase Post Processing Netlist created 0 cells and removed 0 cells
Opt_design Change Summary
=========================


-------------------------------------------------------------------------------------------------------------------------
|  Phase                        |  #Cells created  |  #Cells Removed  |  #Constrained objects preventing optimizations  |
-------------------------------------------------------------------------------------------------------------------------
|  Retarget                     |               0  |               0  |                                              0  |
|  Constant propagation         |               0  |               0  |                                              0  |
|  Sweep                        |               0  |               0  |                                              0  |
|  BUFG optimization            |               0  |               0  |                                              0  |
|  Shift Register Optimization  |               0  |               0  |                                              0  |
|  Post Processing Netlist      |               0  |               0  |                                              0  |
-------------------------------------------------------------------------------------------------------------------------



Starting Connectivity Check Task

Time (s): cpu = 00:00:00 ; elapsed = 00:00:00 . Memory (MB): peak = 2994.988 ; gain = 0.000 ; free physical = 178 ; free virtual = 11005
Ending Logic Optimization Task | Checksum: 11b2fd691

Time (s): cpu = 00:00:00.02 ; elapsed = 00:00:00.04 . Memory (MB): peak = 2994.988 ; gain = 0.000 ; free physical = 178 ; free virtual = 11005

Starting Power Optimization Task
INFO: [Pwropt 34-132] Skipping clock gating for clocks with a period < 2.00 ns.
Ending Power Optimization Task | Checksum: 11b2fd691

Time (s): cpu = 00:00:00.01 ; elapsed = 00:00:00.02 . Memory (MB): peak = 2994.988 ; gain = 0.000 ; free physical = 176 ; free virtual = 11003

Starting Final Cleanup Task
Ending Final Cleanup Task | Checksum: 11b2fd691

Time (s): cpu = 00:00:00 ; elapsed = 00:00:00 . Memory (MB): peak = 2994.988 ; gain = 0.000 ; free physical = 176 ; free virtual = 11003

Starting Netlist Obfuscation Task
Netlist sorting complete. Time (s): cpu = 00:00:00.01 ; elapsed = 00:00:00 . Memory (MB): peak = 2994.988 ; gain = 0.000 ; free physical = 177 ; free virtual = 11005
Ending Netlist Obfuscation Task | Checksum: 11b2fd691

Time (s): cpu = 00:00:00.01 ; elapsed = 00:00:00 . Memory (MB): peak = 2994.988 ; gain = 0.000 ; free physical = 177 ; free virtual = 11005
INFO: [Common 17-83] Releasing license: Implementation
22 Infos, 0 Warnings, 0 Critical Warnings and 0 Errors encountered.
opt_design completed successfully
opt_design: Time (s): cpu = 00:00:10 ; elapsed = 00:00:10 . Memory (MB): peak = 2994.988 ; gain = 567.891 ; free physical = 177 ; free virtual = 11004
INFO: [Timing 38-480] Writing timing data to binary archive.
INFO: [Common 17-1381] The checkpoint '/home/josemrtnz/Documents/ECE524L/fa21-e524-lab-assignment5-group-7/assignment1/assignment1.runs/impl_1/FSM_A1_opt.dcp' has been generated.
INFO: [runtcl-4] Executing : report_drc -file FSM_A1_drc_opted.rpt -pb FSM_A1_drc_opted.pb -rpx FSM_A1_drc_opted.rpx
Command: report_drc -file FSM_A1_drc_opted.rpt -pb FSM_A1_drc_opted.pb -rpx FSM_A1_drc_opted.rpx
INFO: [IP_Flow 19-234] Refreshing IP repositories
INFO: [IP_Flow 19-1704] No user IP repositories specified
INFO: [IP_Flow 19-2313] Loaded Vivado IP repository '/home/josemrtnz/Documents/Xilinx/Vivado/2020.2/data/ip'.
INFO: [Timing 38-35] Done setting XDC timing constraints.
INFO: [DRC 23-27] Running DRC with 8 threads
INFO: [Coretcl 2-168] The results of DRC are in file /home/josemrtnz/Documents/ECE524L/fa21-e524-lab-assignment5-group-7/assignment1/assignment1.runs/impl_1/FSM_A1_drc_opted.rpt.
report_drc completed successfully
Command: place_design
Attempting to get a license for feature 'Implementation' and/or device 'xc7z010'
INFO: [Common 17-349] Got license for feature 'Implementation' and/or device 'xc7z010'
INFO: [DRC 23-27] Running DRC with 8 threads
INFO: [Vivado_Tcl 4-198] DRC finished with 0 Errors
INFO: [Vivado_Tcl 4-199] Please refer to the DRC report (report_drc) for more information.
Running DRC as a precondition to command place_design
INFO: [DRC 23-27] Running DRC with 8 threads
INFO: [Vivado_Tcl 4-198] DRC finished with 0 Errors
INFO: [Vivado_Tcl 4-199] Please refer to the DRC report (report_drc) for more information.

Starting Placer Task
INFO: [Place 30-611] Multithreading enabled for place_design using a maximum of 8 CPUs

Phase 1 Placer Initialization

Phase 1.1 Placer Initialization Netlist Sorting
Netlist sorting complete. Time (s): cpu = 00:00:00 ; elapsed = 00:00:00 . Memory (MB): peak = 3189.926 ; gain = 0.000 ; free physical = 175 ; free virtual = 10960
Phase 1.1 Placer Initialization Netlist Sorting | Checksum: 69e49fe1

Time (s): cpu = 00:00:00.01 ; elapsed = 00:00:00.03 . Memory (MB): peak = 3189.926 ; gain = 0.000 ; free physical = 175 ; free virtual = 10960
Netlist sorting complete. Time (s): cpu = 00:00:00 ; elapsed = 00:00:00 . Memory (MB): peak = 3189.926 ; gain = 0.000 ; free physical = 175 ; free virtual = 10960

Phase 1.2 IO Placement/ Clock Placement/ Build Placer Device
Phase 1.2 IO Placement/ Clock Placement/ Build Placer Device | Checksum: 1869cc5ae

Time (s): cpu = 00:00:00.73 ; elapsed = 00:00:00.19 . Memory (MB): peak = 3213.938 ; gain = 24.012 ; free physical = 191 ; free virtual = 10980

Phase 1.3 Build Placer Netlist Model
Phase 1.3 Build Placer Netlist Model | Checksum: 26211ff8a

Time (s): cpu = 00:00:00.86 ; elapsed = 00:00:00.21 . Memory (MB): peak = 3213.938 ; gain = 24.012 ; free physical = 189 ; free virtual = 10980

Phase 1.4 Constrain Clocks/Macros
Phase 1.4 Constrain Clocks/Macros | Checksum: 26211ff8a

Time (s): cpu = 00:00:00.86 ; elapsed = 00:00:00.21 . Memory (MB): peak = 3213.938 ; gain = 24.012 ; free physical = 189 ; free virtual = 10980
Phase 1 Placer Initialization | Checksum: 26211ff8a

Time (s): cpu = 00:00:00.87 ; elapsed = 00:00:00.22 . Memory (MB): peak = 3213.938 ; gain = 24.012 ; free physical = 189 ; free virtual = 10980

Phase 2 Global Placement

Phase 2.1 Floorplanning
Phase 2.1 Floorplanning | Checksum: 26211ff8a

Time (s): cpu = 00:00:00.88 ; elapsed = 00:00:00.22 . Memory (MB): peak = 3213.938 ; gain = 24.012 ; free physical = 189 ; free virtual = 10980

Phase 2.2 Update Timing before SLR Path Opt
Phase 2.2 Update Timing before SLR Path Opt | Checksum: 26211ff8a

Time (s): cpu = 00:00:00.88 ; elapsed = 00:00:00.22 . Memory (MB): peak = 3213.938 ; gain = 24.012 ; free physical = 189 ; free virtual = 10980

Phase 2.3 Global Placement Core
WARNING: [Place 46-29] place_design is not in timing mode. Skip physical synthesis in placer
Phase 2.3 Global Placement Core | Checksum: 1c5dd7833

Time (s): cpu = 00:00:28 ; elapsed = 00:00:04 . Memory (MB): peak = 3237.949 ; gain = 48.023 ; free physical = 180 ; free virtual = 10973
Phase 2 Global Placement | Checksum: 1c5dd7833

Time (s): cpu = 00:00:28 ; elapsed = 00:00:04 . Memory (MB): peak = 3237.949 ; gain = 48.023 ; free physical = 180 ; free virtual = 10973

Phase 3 Detail Placement

Phase 3.1 Commit Multi Column Macros
Phase 3.1 Commit Multi Column Macros | Checksum: 1c5dd7833

Time (s): cpu = 00:00:28 ; elapsed = 00:00:04 . Memory (MB): peak = 3237.949 ; gain = 48.023 ; free physical = 180 ; free virtual = 10973

Phase 3.2 Commit Most Macros & LUTRAMs
Phase 3.2 Commit Most Macros & LUTRAMs | Checksum: 240cd8bc9

Time (s): cpu = 00:00:28 ; elapsed = 00:00:04 . Memory (MB): peak = 3237.949 ; gain = 48.023 ; free physical = 180 ; free virtual = 10973

Phase 3.3 Area Swap Optimization
Phase 3.3 Area Swap Optimization | Checksum: 1a260b8fb

Time (s): cpu = 00:00:30 ; elapsed = 00:00:04 . Memory (MB): peak = 3237.949 ; gain = 48.023 ; free physical = 180 ; free virtual = 10973

Phase 3.4 Pipeline Register Optimization
Phase 3.4 Pipeline Register Optimization | Checksum: 1a260b8fb

Time (s): cpu = 00:00:30 ; elapsed = 00:00:04 . Memory (MB): peak = 3237.949 ; gain = 48.023 ; free physical = 180 ; free virtual = 10973

Phase 3.5 Small Shape Detail Placement
Phase 3.5 Small Shape Detail Placement | Checksum: 1605c327c

Time (s): cpu = 00:00:30 ; elapsed = 00:00:05 . Memory (MB): peak = 3237.949 ; gain = 48.023 ; free physical = 177 ; free virtual = 10971

Phase 3.6 Re-assign LUT pins
Phase 3.6 Re-assign LUT pins | Checksum: 1605c327c

Time (s): cpu = 00:00:30 ; elapsed = 00:00:05 . Memory (MB): peak = 3237.949 ; gain = 48.023 ; free physical = 177 ; free virtual = 10971

Phase 3.7 Pipeline Register Optimization
Phase 3.7 Pipeline Register Optimization | Checksum: 1605c327c

Time (s): cpu = 00:00:30 ; elapsed = 00:00:05 . Memory (MB): peak = 3237.949 ; gain = 48.023 ; free physical = 177 ; free virtual = 10971
Phase 3 Detail Placement | Checksum: 1605c327c

Time (s): cpu = 00:00:30 ; elapsed = 00:00:05 . Memory (MB): peak = 3237.949 ; gain = 48.023 ; free physical = 177 ; free virtual = 10971

Phase 4 Post Placement Optimization and Clean-Up

Phase 4.1 Post Commit Optimization
Phase 4.1 Post Commit Optimization | Checksum: 1605c327c

Time (s): cpu = 00:00:30 ; elapsed = 00:00:05 . Memory (MB): peak = 3237.949 ; gain = 48.023 ; free physical = 177 ; free virtual = 10971

Phase 4.2 Post Placement Cleanup
Phase 4.2 Post Placement Cleanup | Checksum: 1605c327c

Time (s): cpu = 00:00:31 ; elapsed = 00:00:05 . Memory (MB): peak = 3237.949 ; gain = 48.023 ; free physical = 177 ; free virtual = 10971

Phase 4.3 Placer Reporting

Phase 4.3.1 Print Estimated Congestion
INFO: [Place 30-612] Post-Placement Estimated Congestion 
 ____________________________________________________
|           | Global Congestion | Short Congestion  |
| Direction | Region Size       | Region Size       |
|___________|___________________|___________________|
|      North|                1x1|                1x1|
|___________|___________________|___________________|
|      South|                1x1|                1x1|
|___________|___________________|___________________|
|       East|                1x1|                1x1|
|___________|___________________|___________________|
|       West|                1x1|                1x1|
|___________|___________________|___________________|

Phase 4.3.1 Print Estimated Congestion | Checksum: 1605c327c

Time (s): cpu = 00:00:31 ; elapsed = 00:00:05 . Memory (MB): peak = 3237.949 ; gain = 48.023 ; free physical = 177 ; free virtual = 10971
Phase 4.3 Placer Reporting | Checksum: 1605c327c

Time (s): cpu = 00:00:31 ; elapsed = 00:00:05 . Memory (MB): peak = 3237.949 ; gain = 48.023 ; free physical = 177 ; free virtual = 10971

Phase 4.4 Final Placement Cleanup
Netlist sorting complete. Time (s): cpu = 00:00:00 ; elapsed = 00:00:00 . Memory (MB): peak = 3237.949 ; gain = 0.000 ; free physical = 177 ; free virtual = 10971

Time (s): cpu = 00:00:31 ; elapsed = 00:00:05 . Memory (MB): peak = 3237.949 ; gain = 48.023 ; free physical = 177 ; free virtual = 10971
Phase 4 Post Placement Optimization and Clean-Up | Checksum: 1393e291d

Time (s): cpu = 00:00:31 ; elapsed = 00:00:05 . Memory (MB): peak = 3237.949 ; gain = 48.023 ; free physical = 177 ; free virtual = 10971
Ending Placer Task | Checksum: 6a95a65b

Time (s): cpu = 00:00:31 ; elapsed = 00:00:05 . Memory (MB): peak = 3237.949 ; gain = 48.023 ; free physical = 177 ; free virtual = 10971
INFO: [Common 17-83] Releasing license: Implementation
41 Infos, 1 Warnings, 0 Critical Warnings and 0 Errors encountered.
place_design completed successfully
place_design: Time (s): cpu = 00:00:33 ; elapsed = 00:00:06 . Memory (MB): peak = 3237.949 ; gain = 50.992 ; free physical = 183 ; free virtual = 10977
INFO: [Timing 38-480] Writing timing data to binary archive.
Writing placer database...
Writing XDEF routing.
Writing XDEF routing logical nets.
Writing XDEF routing special nets.
Write XDEF Complete: Time (s): cpu = 00:00:00.05 ; elapsed = 00:00:00.02 . Memory (MB): peak = 3237.949 ; gain = 0.000 ; free physical = 181 ; free virtual = 10977
INFO: [Common 17-1381] The checkpoint '/home/josemrtnz/Documents/ECE524L/fa21-e524-lab-assignment5-group-7/assignment1/assignment1.runs/impl_1/FSM_A1_placed.dcp' has been generated.
INFO: [runtcl-4] Executing : report_io -file FSM_A1_io_placed.rpt
report_io: Time (s): cpu = 00:00:00.10 ; elapsed = 00:00:00.18 . Memory (MB): peak = 3237.949 ; gain = 0.000 ; free physical = 171 ; free virtual = 10966
INFO: [runtcl-4] Executing : report_utilization -file FSM_A1_utilization_placed.rpt -pb FSM_A1_utilization_placed.pb
INFO: [runtcl-4] Executing : report_control_sets -verbose -file FSM_A1_control_sets_placed.rpt
report_control_sets: Time (s): cpu = 00:00:00.06 ; elapsed = 00:00:00.11 . Memory (MB): peak = 3237.949 ; gain = 0.000 ; free physical = 180 ; free virtual = 10974
Command: phys_opt_design
Attempting to get a license for feature 'Implementation' and/or device 'xc7z010'
INFO: [Common 17-349] Got license for feature 'Implementation' and/or device 'xc7z010'
INFO: [Vivado_Tcl 4-235] No timing constraint found. The netlist was not modified.
INFO: [Common 17-83] Releasing license: Implementation
49 Infos, 1 Warnings, 0 Critical Warnings and 0 Errors encountered.
phys_opt_design completed successfully
INFO: [Timing 38-480] Writing timing data to binary archive.
Writing placer database...
Writing XDEF routing.
Writing XDEF routing logical nets.
Writing XDEF routing special nets.
Write XDEF Complete: Time (s): cpu = 00:00:00.04 ; elapsed = 00:00:00.02 . Memory (MB): peak = 3237.949 ; gain = 0.000 ; free physical = 157 ; free virtual = 10953
INFO: [Common 17-1381] The checkpoint '/home/josemrtnz/Documents/ECE524L/fa21-e524-lab-assignment5-group-7/assignment1/assignment1.runs/impl_1/FSM_A1_physopt.dcp' has been generated.
Command: route_design
Attempting to get a license for feature 'Implementation' and/or device 'xc7z010'
INFO: [Common 17-349] Got license for feature 'Implementation' and/or device 'xc7z010'
Running DRC as a precondition to command route_design
INFO: [DRC 23-27] Running DRC with 8 threads
INFO: [Vivado_Tcl 4-198] DRC finished with 0 Errors
INFO: [Vivado_Tcl 4-199] Please refer to the DRC report (report_drc) for more information.


Starting Routing Task
INFO: [Route 35-254] Multithreading enabled for route_design using a maximum of 8 CPUs
Checksum: PlaceDB: b1067a ConstDB: 0 ShapeSum: 69e49fe1 RouteDB: 0

Phase 1 Build RT Design
Phase 1 Build RT Design | Checksum: 19a6fe059

Time (s): cpu = 00:00:09 ; elapsed = 00:00:08 . Memory (MB): peak = 3252.895 ; gain = 0.000 ; free physical = 162 ; free virtual = 10852
Post Restoration Checksum: NetGraph: b707cae2 NumContArr: e3681577 Constraints: 0 Timing: 0

Phase 2 Router Initialization
INFO: [Route 35-64] No timing constraints were detected. The router will operate in resource-optimization mode.

Phase 2.1 Fix Topology Constraints
Phase 2.1 Fix Topology Constraints | Checksum: 19a6fe059

Time (s): cpu = 00:00:09 ; elapsed = 00:00:08 . Memory (MB): peak = 3252.895 ; gain = 0.000 ; free physical = 150 ; free virtual = 10814

Phase 2.2 Pre Route Cleanup
Phase 2.2 Pre Route Cleanup | Checksum: 19a6fe059

Time (s): cpu = 00:00:09 ; elapsed = 00:00:08 . Memory (MB): peak = 3252.895 ; gain = 0.000 ; free physical = 161 ; free virtual = 10818
 Number of Nodes with overlaps = 0
Phase 2 Router Initialization | Checksum: 14d77db2f

Time (s): cpu = 00:00:10 ; elapsed = 00:00:08 . Memory (MB): peak = 3252.895 ; gain = 0.000 ; free physical = 179 ; free virtual = 10812

Router Utilization Summary
  Global Vertical Routing Utilization    = 0 %
  Global Horizontal Routing Utilization  = 0 %
  Routable Net Status*
  *Does not include unroutable nets such as driverless and loadless.
  Run report_route_status for detailed report.
  Number of Failed Nets               = 13
    (Failed Nets is the sum of unrouted and partially routed nets)
  Number of Unrouted Nets             = 13
  Number of Partially Routed Nets     = 0
  Number of Node Overlaps             = 0


Phase 3 Initial Routing

Phase 3.1 Global Routing
Phase 3.1 Global Routing | Checksum: 14d77db2f

Time (s): cpu = 00:00:10 ; elapsed = 00:00:08 . Memory (MB): peak = 3252.895 ; gain = 0.000 ; free physical = 181 ; free virtual = 10813
Phase 3 Initial Routing | Checksum: 1a1962850

Time (s): cpu = 00:00:10 ; elapsed = 00:00:08 . Memory (MB): peak = 3252.895 ; gain = 0.000 ; free physical = 182 ; free virtual = 10815

Phase 4 Rip-up And Reroute

Phase 4.1 Global Iteration 0
 Number of Nodes with overlaps = 0
Phase 4.1 Global Iteration 0 | Checksum: 6e7889ec

Time (s): cpu = 00:00:10 ; elapsed = 00:00:08 . Memory (MB): peak = 3252.895 ; gain = 0.000 ; free physical = 182 ; free virtual = 10814
Phase 4 Rip-up And Reroute | Checksum: 6e7889ec

Time (s): cpu = 00:00:10 ; elapsed = 00:00:08 . Memory (MB): peak = 3252.895 ; gain = 0.000 ; free physical = 182 ; free virtual = 10814

Phase 5 Delay and Skew Optimization
Phase 5 Delay and Skew Optimization | Checksum: 6e7889ec

Time (s): cpu = 00:00:10 ; elapsed = 00:00:08 . Memory (MB): peak = 3252.895 ; gain = 0.000 ; free physical = 182 ; free virtual = 10815

Phase 6 Post Hold Fix

Phase 6.1 Hold Fix Iter
Phase 6.1 Hold Fix Iter | Checksum: 6e7889ec

Time (s): cpu = 00:00:10 ; elapsed = 00:00:08 . Memory (MB): peak = 3252.895 ; gain = 0.000 ; free physical = 182 ; free virtual = 10814
Phase 6 Post Hold Fix | Checksum: 6e7889ec

Time (s): cpu = 00:00:10 ; elapsed = 00:00:08 . Memory (MB): peak = 3252.895 ; gain = 0.000 ; free physical = 182 ; free virtual = 10814

Phase 7 Route finalize

Router Utilization Summary
  Global Vertical Routing Utilization    = 0.00436374 %
  Global Horizontal Routing Utilization  = 0.00482537 %
  Routable Net Status*
  *Does not include unroutable nets such as driverless and loadless.
  Run report_route_status for detailed report.
  Number of Failed Nets               = 0
    (Failed Nets is the sum of unrouted and partially routed nets)
  Number of Unrouted Nets             = 0
  Number of Partially Routed Nets     = 0
  Number of Node Overlaps             = 0

Congestion Report
North Dir 1x1 Area, Max Cong = 3.6036%, No Congested Regions.
South Dir 1x1 Area, Max Cong = 4.5045%, No Congested Regions.
East Dir 1x1 Area, Max Cong = 2.94118%, No Congested Regions.
West Dir 1x1 Area, Max Cong = 2.94118%, No Congested Regions.

------------------------------
Reporting congestion hotspots
------------------------------
Direction: North
----------------
Congested clusters found at Level 0
Effective congestion level: 0 Aspect Ratio: 1 Sparse Ratio: 0
Direction: South
----------------
Congested clusters found at Level 0
Effective congestion level: 0 Aspect Ratio: 1 Sparse Ratio: 0
Direction: East
----------------
Congested clusters found at Level 0
Effective congestion level: 0 Aspect Ratio: 1 Sparse Ratio: 0
Direction: West
----------------
Congested clusters found at Level 0
Effective congestion level: 0 Aspect Ratio: 1 Sparse Ratio: 0

Phase 7 Route finalize | Checksum: 6e7889ec

Time (s): cpu = 00:00:10 ; elapsed = 00:00:08 . Memory (MB): peak = 3252.895 ; gain = 0.000 ; free physical = 180 ; free virtual = 10813

Phase 8 Verifying routed nets

 Verification completed successfully
Phase 8 Verifying routed nets | Checksum: 6e7889ec

Time (s): cpu = 00:00:10 ; elapsed = 00:00:08 . Memory (MB): peak = 3252.895 ; gain = 0.000 ; free physical = 178 ; free virtual = 10810

Phase 9 Depositing Routes
Phase 9 Depositing Routes | Checksum: ffef31a5

Time (s): cpu = 00:00:10 ; elapsed = 00:00:08 . Memory (MB): peak = 3259.922 ; gain = 7.027 ; free physical = 178 ; free virtual = 10810
INFO: [Route 35-16] Router Completed Successfully

Time (s): cpu = 00:00:10 ; elapsed = 00:00:08 . Memory (MB): peak = 3259.922 ; gain = 7.027 ; free physical = 210 ; free virtual = 10843

Routing Is Done.
INFO: [Common 17-83] Releasing license: Implementation
59 Infos, 1 Warnings, 0 Critical Warnings and 0 Errors encountered.
route_design completed successfully
route_design: Time (s): cpu = 00:00:12 ; elapsed = 00:00:09 . Memory (MB): peak = 3259.922 ; gain = 21.973 ; free physical = 210 ; free virtual = 10843
INFO: [Timing 38-480] Writing timing data to binary archive.
Writing placer database...
Writing XDEF routing.
Writing XDEF routing logical nets.
Writing XDEF routing special nets.
Write XDEF Complete: Time (s): cpu = 00:00:00.03 ; elapsed = 00:00:00.01 . Memory (MB): peak = 3259.922 ; gain = 0.000 ; free physical = 211 ; free virtual = 10845
INFO: [Common 17-1381] The checkpoint '/home/josemrtnz/Documents/ECE524L/fa21-e524-lab-assignment5-group-7/assignment1/assignment1.runs/impl_1/FSM_A1_routed.dcp' has been generated.
INFO: [runtcl-4] Executing : report_drc -file FSM_A1_drc_routed.rpt -pb FSM_A1_drc_routed.pb -rpx FSM_A1_drc_routed.rpx
Command: report_drc -file FSM_A1_drc_routed.rpt -pb FSM_A1_drc_routed.pb -rpx FSM_A1_drc_routed.rpx
INFO: [IP_Flow 19-1839] IP Catalog is up to date.
INFO: [DRC 23-27] Running DRC with 8 threads
INFO: [Coretcl 2-168] The results of DRC are in file /home/josemrtnz/Documents/ECE524L/fa21-e524-lab-assignment5-group-7/assignment1/assignment1.runs/impl_1/FSM_A1_drc_routed.rpt.
report_drc completed successfully
INFO: [runtcl-4] Executing : report_methodology -file FSM_A1_methodology_drc_routed.rpt -pb FSM_A1_methodology_drc_routed.pb -rpx FSM_A1_methodology_drc_routed.rpx
Command: report_methodology -file FSM_A1_methodology_drc_routed.rpt -pb FSM_A1_methodology_drc_routed.pb -rpx FSM_A1_methodology_drc_routed.rpx
INFO: [Timing 38-35] Done setting XDC timing constraints.
INFO: [DRC 23-133] Running Methodology with 8 threads
INFO: [Coretcl 2-1520] The results of Report Methodology are in file /home/josemrtnz/Documents/ECE524L/fa21-e524-lab-assignment5-group-7/assignment1/assignment1.runs/impl_1/FSM_A1_methodology_drc_routed.rpt.
report_methodology completed successfully
INFO: [runtcl-4] Executing : report_power -file FSM_A1_power_routed.rpt -pb FSM_A1_power_summary_routed.pb -rpx FSM_A1_power_routed.rpx
Command: report_power -file FSM_A1_power_routed.rpt -pb FSM_A1_power_summary_routed.pb -rpx FSM_A1_power_routed.rpx
INFO: [Timing 38-35] Done setting XDC timing constraints.
WARNING: [Power 33-232] No user defined clocks were found in the design! Power estimation will be inaccurate until this is corrected.
Resolution: Please specify clocks using create_clock/create_generated_clock for sequential elements. For pure combinatorial circuits, please specify a virtual clock, otherwise the vectorless estimation might be inaccurate
Running Vector-less Activity Propagation...

Finished Running Vector-less Activity Propagation
71 Infos, 2 Warnings, 0 Critical Warnings and 0 Errors encountered.
report_power completed successfully
INFO: [runtcl-4] Executing : report_route_status -file FSM_A1_route_status.rpt -pb FSM_A1_route_status.pb
INFO: [runtcl-4] Executing : report_timing_summary -max_paths 10 -file FSM_A1_timing_summary_routed.rpt -pb FSM_A1_timing_summary_routed.pb -rpx FSM_A1_timing_summary_routed.rpx -warn_on_violation 
INFO: [Timing 38-91] UpdateTimingParams: Speed grade: -1, Delay Type: min_max.
INFO: [Timing 38-191] Multithreading enabled for timing update using a maximum of 8 CPUs
WARNING: [Timing 38-313] There are no user specified timing constraints. Timing constraints are needed for proper timing analysis.
INFO: [runtcl-4] Executing : report_incremental_reuse -file FSM_A1_incremental_reuse_routed.rpt
INFO: [Vivado_Tcl 4-1062] Incremental flow is disabled. No incremental reuse Info to report.
INFO: [runtcl-4] Executing : report_clock_utilization -file FSM_A1_clock_utilization_routed.rpt
INFO: [runtcl-4] Executing : report_bus_skew -warn_on_violation -file FSM_A1_bus_skew_routed.rpt -pb FSM_A1_bus_skew_routed.pb -rpx FSM_A1_bus_skew_routed.rpx
INFO: [Timing 38-91] UpdateTimingParams: Speed grade: -1, Delay Type: min_max.
INFO: [Timing 38-191] Multithreading enabled for timing update using a maximum of 8 CPUs
INFO: [Common 17-206] Exiting Vivado at Sat Oct 23 17:06:13 2021...
