
*** Running vivado
    with args -log full_adder_unit.vdi -applog -m64 -product Vivado -messageDb vivado.pb -mode batch -source full_adder_unit.tcl -notrace


****** Vivado v2020.2 (64-bit)
  **** SW Build 3064766 on Wed Nov 18 09:12:47 MST 2020
  **** IP Build 3064653 on Wed Nov 18 14:17:31 MST 2020
    ** Copyright 1986-2020 Xilinx, Inc. All Rights Reserved.

source full_adder_unit.tcl -notrace
Command: link_design -top full_adder_unit -part xc7z010clg400-1
Design is defaulting to srcset: sources_1
Design is defaulting to constrset: constrs_1
INFO: [Device 21-403] Loading part xc7z010clg400-1
Netlist sorting complete. Time (s): cpu = 00:00:00 ; elapsed = 00:00:00 . Memory (MB): peak = 2427.070 ; gain = 0.000 ; free physical = 2695 ; free virtual = 11391
INFO: [Project 1-479] Netlist was created with Vivado 2020.2
INFO: [Project 1-570] Preparing netlist for logic optimization
Parsing XDC File [/home/josemrtnz/Documents/ECE524L/fa21-e524-lab-assignment1-part1-group-7/assignment_1/assignment_1.srcs/constrs_1/imports/constrs/Zybo-Z7-Master-full-adder-map.xdc]
Finished Parsing XDC File [/home/josemrtnz/Documents/ECE524L/fa21-e524-lab-assignment1-part1-group-7/assignment_1/assignment_1.srcs/constrs_1/imports/constrs/Zybo-Z7-Master-full-adder-map.xdc]
INFO: [Opt 31-138] Pushed 0 inverter(s) to 0 load pin(s).
Netlist sorting complete. Time (s): cpu = 00:00:00 ; elapsed = 00:00:00 . Memory (MB): peak = 2483.027 ; gain = 0.000 ; free physical = 2604 ; free virtual = 11300
INFO: [Project 1-111] Unisim Transformation Summary:
No Unisim elements were transformed.

5 Infos, 0 Warnings, 0 Critical Warnings and 0 Errors encountered.
link_design completed successfully
Command: opt_design
Attempting to get a license for feature 'Implementation' and/or device 'xc7z010'
INFO: [Common 17-349] Got license for feature 'Implementation' and/or device 'xc7z010'
Running DRC as a precondition to command opt_design

Starting DRC Task
INFO: [DRC 23-27] Running DRC with 8 threads
INFO: [Project 1-461] DRC finished with 0 Errors
INFO: [Project 1-462] Please refer to the DRC report (report_drc) for more information.

Time (s): cpu = 00:00:00.46 ; elapsed = 00:00:00.51 . Memory (MB): peak = 2547.059 ; gain = 64.031 ; free physical = 2598 ; free virtual = 11295

Starting Cache Timing Information Task
INFO: [Timing 38-35] Done setting XDC timing constraints.
Ending Cache Timing Information Task | Checksum: eb9235ad

Time (s): cpu = 00:00:06 ; elapsed = 00:00:06 . Memory (MB): peak = 2855.051 ; gain = 307.992 ; free physical = 2227 ; free virtual = 10938

Starting Logic Optimization Task

Phase 1 Retarget
INFO: [Opt 31-138] Pushed 0 inverter(s) to 0 load pin(s).
INFO: [Opt 31-49] Retargeted 0 cell(s).
Phase 1 Retarget | Checksum: eb9235ad

Time (s): cpu = 00:00:00.01 ; elapsed = 00:00:00.01 . Memory (MB): peak = 3034.020 ; gain = 0.000 ; free physical = 2059 ; free virtual = 10770
INFO: [Opt 31-389] Phase Retarget created 0 cells and removed 0 cells

Phase 2 Constant propagation
INFO: [Opt 31-138] Pushed 0 inverter(s) to 0 load pin(s).
Phase 2 Constant propagation | Checksum: eb9235ad

Time (s): cpu = 00:00:00.01 ; elapsed = 00:00:00.01 . Memory (MB): peak = 3034.020 ; gain = 0.000 ; free physical = 2059 ; free virtual = 10770
INFO: [Opt 31-389] Phase Constant propagation created 0 cells and removed 0 cells

Phase 3 Sweep
Phase 3 Sweep | Checksum: eb9235ad

Time (s): cpu = 00:00:00.01 ; elapsed = 00:00:00.01 . Memory (MB): peak = 3034.020 ; gain = 0.000 ; free physical = 2059 ; free virtual = 10770
INFO: [Opt 31-389] Phase Sweep created 0 cells and removed 0 cells

Phase 4 BUFG optimization
Phase 4 BUFG optimization | Checksum: eb9235ad

Time (s): cpu = 00:00:00.01 ; elapsed = 00:00:00.01 . Memory (MB): peak = 3034.020 ; gain = 0.000 ; free physical = 2059 ; free virtual = 10770
INFO: [Opt 31-662] Phase BUFG optimization created 0 cells of which 0 are BUFGs and removed 0 cells.

Phase 5 Shift Register Optimization
INFO: [Opt 31-1064] SRL Remap converted 0 SRLs to 0 registers and converted 0 registers of register chains to 0 SRLs
Phase 5 Shift Register Optimization | Checksum: eb9235ad

Time (s): cpu = 00:00:00.01 ; elapsed = 00:00:00.01 . Memory (MB): peak = 3034.020 ; gain = 0.000 ; free physical = 2059 ; free virtual = 10770
INFO: [Opt 31-389] Phase Shift Register Optimization created 0 cells and removed 0 cells

Phase 6 Post Processing Netlist
Phase 6 Post Processing Netlist | Checksum: eb9235ad

Time (s): cpu = 00:00:00.01 ; elapsed = 00:00:00.01 . Memory (MB): peak = 3034.020 ; gain = 0.000 ; free physical = 2059 ; free virtual = 10770
INFO: [Opt 31-389] Phase Post Processing Netlist created 0 cells and removed 0 cells
Opt_design Change Summary
=========================


-------------------------------------------------------------------------------------------------------------------------
|  Phase                        |  #Cells created  |  #Cells Removed  |  #Constrained objects preventing optimizations  |
-------------------------------------------------------------------------------------------------------------------------
|  Retarget                     |               0  |               0  |                                              0  |
|  Constant propagation         |               0  |               0  |                                              0  |
|  Sweep                        |               0  |               0  |                                              0  |
|  BUFG optimization            |               0  |               0  |                                              0  |
|  Shift Register Optimization  |               0  |               0  |                                              0  |
|  Post Processing Netlist      |               0  |               0  |                                              0  |
-------------------------------------------------------------------------------------------------------------------------



Starting Connectivity Check Task

Time (s): cpu = 00:00:00 ; elapsed = 00:00:00 . Memory (MB): peak = 3034.020 ; gain = 0.000 ; free physical = 2059 ; free virtual = 10770
Ending Logic Optimization Task | Checksum: eb9235ad

Time (s): cpu = 00:00:00.02 ; elapsed = 00:00:00.01 . Memory (MB): peak = 3034.020 ; gain = 0.000 ; free physical = 2059 ; free virtual = 10770

Starting Power Optimization Task
INFO: [Pwropt 34-132] Skipping clock gating for clocks with a period < 2.00 ns.
Ending Power Optimization Task | Checksum: eb9235ad

Time (s): cpu = 00:00:00.01 ; elapsed = 00:00:00 . Memory (MB): peak = 3034.020 ; gain = 0.000 ; free physical = 2058 ; free virtual = 10770

Starting Final Cleanup Task
Ending Final Cleanup Task | Checksum: eb9235ad

Time (s): cpu = 00:00:00 ; elapsed = 00:00:00 . Memory (MB): peak = 3034.020 ; gain = 0.000 ; free physical = 2058 ; free virtual = 10770

Starting Netlist Obfuscation Task
Netlist sorting complete. Time (s): cpu = 00:00:00 ; elapsed = 00:00:00 . Memory (MB): peak = 3034.020 ; gain = 0.000 ; free physical = 2058 ; free virtual = 10770
Ending Netlist Obfuscation Task | Checksum: eb9235ad

Time (s): cpu = 00:00:00 ; elapsed = 00:00:00 . Memory (MB): peak = 3034.020 ; gain = 0.000 ; free physical = 2058 ; free virtual = 10770
INFO: [Common 17-83] Releasing license: Implementation
22 Infos, 0 Warnings, 0 Critical Warnings and 0 Errors encountered.
opt_design completed successfully
opt_design: Time (s): cpu = 00:00:08 ; elapsed = 00:00:09 . Memory (MB): peak = 3034.020 ; gain = 550.992 ; free physical = 2058 ; free virtual = 10770
INFO: [Timing 38-480] Writing timing data to binary archive.
Writing placer database...
Writing XDEF routing.
Writing XDEF routing logical nets.
Writing XDEF routing special nets.
Write XDEF Complete: Time (s): cpu = 00:00:00.03 ; elapsed = 00:00:00.02 . Memory (MB): peak = 3074.039 ; gain = 0.000 ; free physical = 2055 ; free virtual = 10768
INFO: [Common 17-1381] The checkpoint '/home/josemrtnz/Documents/ECE524L/fa21-e524-lab-assignment1-part1-group-7/assignment_1/assignment_1.runs/impl_1/full_adder_unit_opt.dcp' has been generated.
INFO: [runtcl-4] Executing : report_drc -file full_adder_unit_drc_opted.rpt -pb full_adder_unit_drc_opted.pb -rpx full_adder_unit_drc_opted.rpx
Command: report_drc -file full_adder_unit_drc_opted.rpt -pb full_adder_unit_drc_opted.pb -rpx full_adder_unit_drc_opted.rpx
INFO: [IP_Flow 19-234] Refreshing IP repositories
INFO: [IP_Flow 19-1704] No user IP repositories specified
INFO: [IP_Flow 19-2313] Loaded Vivado IP repository '/home/josemrtnz/Documents/Xilinx/Vivado/2020.2/data/ip'.
INFO: [Timing 38-35] Done setting XDC timing constraints.
INFO: [DRC 23-27] Running DRC with 8 threads
INFO: [Coretcl 2-168] The results of DRC are in file /home/josemrtnz/Documents/ECE524L/fa21-e524-lab-assignment1-part1-group-7/assignment_1/assignment_1.runs/impl_1/full_adder_unit_drc_opted.rpt.
report_drc completed successfully
Command: place_design
Attempting to get a license for feature 'Implementation' and/or device 'xc7z010'
INFO: [Common 17-349] Got license for feature 'Implementation' and/or device 'xc7z010'
INFO: [DRC 23-27] Running DRC with 8 threads
INFO: [Vivado_Tcl 4-198] DRC finished with 0 Errors
INFO: [Vivado_Tcl 4-199] Please refer to the DRC report (report_drc) for more information.
Running DRC as a precondition to command place_design
INFO: [DRC 23-27] Running DRC with 8 threads
INFO: [Vivado_Tcl 4-198] DRC finished with 0 Errors
INFO: [Vivado_Tcl 4-199] Please refer to the DRC report (report_drc) for more information.

Starting Placer Task
INFO: [Place 30-611] Multithreading enabled for place_design using a maximum of 8 CPUs

Phase 1 Placer Initialization

Phase 1.1 Placer Initialization Netlist Sorting
Netlist sorting complete. Time (s): cpu = 00:00:00 ; elapsed = 00:00:00 . Memory (MB): peak = 3185.367 ; gain = 0.000 ; free physical = 1973 ; free virtual = 10704
Phase 1.1 Placer Initialization Netlist Sorting | Checksum: e2cb200a

Time (s): cpu = 00:00:00.01 ; elapsed = 00:00:00.04 . Memory (MB): peak = 3185.367 ; gain = 0.000 ; free physical = 1973 ; free virtual = 10704
Netlist sorting complete. Time (s): cpu = 00:00:00 ; elapsed = 00:00:00 . Memory (MB): peak = 3185.367 ; gain = 0.000 ; free physical = 1973 ; free virtual = 10704

Phase 1.2 IO Placement/ Clock Placement/ Build Placer Device
Phase 1.2 IO Placement/ Clock Placement/ Build Placer Device | Checksum: e2cb200a

Time (s): cpu = 00:00:00.17 ; elapsed = 00:00:00.08 . Memory (MB): peak = 3185.367 ; gain = 0.000 ; free physical = 1988 ; free virtual = 10719

Phase 1.3 Build Placer Netlist Model
Phase 1.3 Build Placer Netlist Model | Checksum: 1d3c66160

Time (s): cpu = 00:00:00.33 ; elapsed = 00:00:00.10 . Memory (MB): peak = 3185.367 ; gain = 0.000 ; free physical = 1988 ; free virtual = 10720

Phase 1.4 Constrain Clocks/Macros
Phase 1.4 Constrain Clocks/Macros | Checksum: 1d3c66160

Time (s): cpu = 00:00:00.33 ; elapsed = 00:00:00.10 . Memory (MB): peak = 3185.367 ; gain = 0.000 ; free physical = 1988 ; free virtual = 10720
Phase 1 Placer Initialization | Checksum: 1d3c66160

Time (s): cpu = 00:00:00.34 ; elapsed = 00:00:00.10 . Memory (MB): peak = 3185.367 ; gain = 0.000 ; free physical = 1988 ; free virtual = 10720

Phase 2 Global Placement

Phase 2.1 Floorplanning
Phase 2.1 Floorplanning | Checksum: 1d3c66160

Time (s): cpu = 00:00:00.34 ; elapsed = 00:00:00.10 . Memory (MB): peak = 3185.367 ; gain = 0.000 ; free physical = 1987 ; free virtual = 10719

Phase 2.2 Update Timing before SLR Path Opt
Phase 2.2 Update Timing before SLR Path Opt | Checksum: 1d3c66160

Time (s): cpu = 00:00:00.34 ; elapsed = 00:00:00.11 . Memory (MB): peak = 3185.367 ; gain = 0.000 ; free physical = 1987 ; free virtual = 10719

Phase 2.3 Global Placement Core
WARNING: [Place 46-29] place_design is not in timing mode. Skip physical synthesis in placer
Phase 2.3 Global Placement Core | Checksum: 167318919

Time (s): cpu = 00:00:09 ; elapsed = 00:00:01 . Memory (MB): peak = 3185.367 ; gain = 0.000 ; free physical = 1967 ; free virtual = 10701
Phase 2 Global Placement | Checksum: 167318919

Time (s): cpu = 00:00:09 ; elapsed = 00:00:01 . Memory (MB): peak = 3185.367 ; gain = 0.000 ; free physical = 1967 ; free virtual = 10701

Phase 3 Detail Placement

Phase 3.1 Commit Multi Column Macros
Phase 3.1 Commit Multi Column Macros | Checksum: 167318919

Time (s): cpu = 00:00:09 ; elapsed = 00:00:02 . Memory (MB): peak = 3185.367 ; gain = 0.000 ; free physical = 1967 ; free virtual = 10701

Phase 3.2 Commit Most Macros & LUTRAMs
Phase 3.2 Commit Most Macros & LUTRAMs | Checksum: 18e8c445e

Time (s): cpu = 00:00:09 ; elapsed = 00:00:02 . Memory (MB): peak = 3185.367 ; gain = 0.000 ; free physical = 1967 ; free virtual = 10701

Phase 3.3 Area Swap Optimization
Phase 3.3 Area Swap Optimization | Checksum: f6aa2ad6

Time (s): cpu = 00:00:09 ; elapsed = 00:00:02 . Memory (MB): peak = 3185.367 ; gain = 0.000 ; free physical = 1967 ; free virtual = 10701

Phase 3.4 Pipeline Register Optimization
Phase 3.4 Pipeline Register Optimization | Checksum: f6aa2ad6

Time (s): cpu = 00:00:09 ; elapsed = 00:00:02 . Memory (MB): peak = 3185.367 ; gain = 0.000 ; free physical = 1967 ; free virtual = 10701

Phase 3.5 Small Shape Detail Placement
Phase 3.5 Small Shape Detail Placement | Checksum: 138bfda74

Time (s): cpu = 00:00:10 ; elapsed = 00:00:02 . Memory (MB): peak = 3185.367 ; gain = 0.000 ; free physical = 1963 ; free virtual = 10698

Phase 3.6 Re-assign LUT pins
Phase 3.6 Re-assign LUT pins | Checksum: 138bfda74

Time (s): cpu = 00:00:10 ; elapsed = 00:00:02 . Memory (MB): peak = 3185.367 ; gain = 0.000 ; free physical = 1963 ; free virtual = 10698

Phase 3.7 Pipeline Register Optimization
Phase 3.7 Pipeline Register Optimization | Checksum: 138bfda74

Time (s): cpu = 00:00:10 ; elapsed = 00:00:02 . Memory (MB): peak = 3185.367 ; gain = 0.000 ; free physical = 1963 ; free virtual = 10698
Phase 3 Detail Placement | Checksum: 138bfda74

Time (s): cpu = 00:00:10 ; elapsed = 00:00:02 . Memory (MB): peak = 3185.367 ; gain = 0.000 ; free physical = 1963 ; free virtual = 10698

Phase 4 Post Placement Optimization and Clean-Up

Phase 4.1 Post Commit Optimization
Phase 4.1 Post Commit Optimization | Checksum: 138bfda74

Time (s): cpu = 00:00:10 ; elapsed = 00:00:02 . Memory (MB): peak = 3185.367 ; gain = 0.000 ; free physical = 1963 ; free virtual = 10698

Phase 4.2 Post Placement Cleanup
Phase 4.2 Post Placement Cleanup | Checksum: 138bfda74

Time (s): cpu = 00:00:10 ; elapsed = 00:00:02 . Memory (MB): peak = 3185.367 ; gain = 0.000 ; free physical = 1963 ; free virtual = 10698

Phase 4.3 Placer Reporting

Phase 4.3.1 Print Estimated Congestion
INFO: [Place 30-612] Post-Placement Estimated Congestion 
 ____________________________________________________
|           | Global Congestion | Short Congestion  |
| Direction | Region Size       | Region Size       |
|___________|___________________|___________________|
|      North|                1x1|                1x1|
|___________|___________________|___________________|
|      South|                1x1|                1x1|
|___________|___________________|___________________|
|       East|                1x1|                1x1|
|___________|___________________|___________________|
|       West|                1x1|                1x1|
|___________|___________________|___________________|

Phase 4.3.1 Print Estimated Congestion | Checksum: 138bfda74

Time (s): cpu = 00:00:10 ; elapsed = 00:00:02 . Memory (MB): peak = 3185.367 ; gain = 0.000 ; free physical = 1963 ; free virtual = 10698
Phase 4.3 Placer Reporting | Checksum: 138bfda74

Time (s): cpu = 00:00:10 ; elapsed = 00:00:02 . Memory (MB): peak = 3185.367 ; gain = 0.000 ; free physical = 1963 ; free virtual = 10698

Phase 4.4 Final Placement Cleanup
Netlist sorting complete. Time (s): cpu = 00:00:00 ; elapsed = 00:00:00 . Memory (MB): peak = 3185.367 ; gain = 0.000 ; free physical = 1963 ; free virtual = 10698

Time (s): cpu = 00:00:10 ; elapsed = 00:00:02 . Memory (MB): peak = 3185.367 ; gain = 0.000 ; free physical = 1963 ; free virtual = 10698
Phase 4 Post Placement Optimization and Clean-Up | Checksum: 138bfda74

Time (s): cpu = 00:00:10 ; elapsed = 00:00:02 . Memory (MB): peak = 3185.367 ; gain = 0.000 ; free physical = 1963 ; free virtual = 10698
Ending Placer Task | Checksum: f98afe13

Time (s): cpu = 00:00:10 ; elapsed = 00:00:02 . Memory (MB): peak = 3185.367 ; gain = 0.000 ; free physical = 1963 ; free virtual = 10698
INFO: [Common 17-83] Releasing license: Implementation
41 Infos, 1 Warnings, 0 Critical Warnings and 0 Errors encountered.
place_design completed successfully
INFO: [Timing 38-480] Writing timing data to binary archive.
Writing placer database...
Writing XDEF routing.
Writing XDEF routing logical nets.
Writing XDEF routing special nets.
Write XDEF Complete: Time (s): cpu = 00:00:00.03 ; elapsed = 00:00:00.02 . Memory (MB): peak = 3185.367 ; gain = 0.000 ; free physical = 1969 ; free virtual = 10705
INFO: [Common 17-1381] The checkpoint '/home/josemrtnz/Documents/ECE524L/fa21-e524-lab-assignment1-part1-group-7/assignment_1/assignment_1.runs/impl_1/full_adder_unit_placed.dcp' has been generated.
INFO: [runtcl-4] Executing : report_io -file full_adder_unit_io_placed.rpt
report_io: Time (s): cpu = 00:00:00.10 ; elapsed = 00:00:00.16 . Memory (MB): peak = 3185.367 ; gain = 0.000 ; free physical = 1959 ; free virtual = 10694
INFO: [runtcl-4] Executing : report_utilization -file full_adder_unit_utilization_placed.rpt -pb full_adder_unit_utilization_placed.pb
INFO: [runtcl-4] Executing : report_control_sets -verbose -file full_adder_unit_control_sets_placed.rpt
report_control_sets: Time (s): cpu = 00:00:00.05 ; elapsed = 00:00:00.09 . Memory (MB): peak = 3185.367 ; gain = 0.000 ; free physical = 1966 ; free virtual = 10702
Command: phys_opt_design
Attempting to get a license for feature 'Implementation' and/or device 'xc7z010'
INFO: [Common 17-349] Got license for feature 'Implementation' and/or device 'xc7z010'
INFO: [Vivado_Tcl 4-235] No timing constraint found. The netlist was not modified.
INFO: [Common 17-83] Releasing license: Implementation
49 Infos, 1 Warnings, 0 Critical Warnings and 0 Errors encountered.
phys_opt_design completed successfully
INFO: [Timing 38-480] Writing timing data to binary archive.
Writing placer database...
Writing XDEF routing.
Writing XDEF routing logical nets.
Writing XDEF routing special nets.
Write XDEF Complete: Time (s): cpu = 00:00:00.03 ; elapsed = 00:00:00.01 . Memory (MB): peak = 3185.367 ; gain = 0.000 ; free physical = 1948 ; free virtual = 10686
INFO: [Common 17-1381] The checkpoint '/home/josemrtnz/Documents/ECE524L/fa21-e524-lab-assignment1-part1-group-7/assignment_1/assignment_1.runs/impl_1/full_adder_unit_physopt.dcp' has been generated.
Command: route_design
Attempting to get a license for feature 'Implementation' and/or device 'xc7z010'
INFO: [Common 17-349] Got license for feature 'Implementation' and/or device 'xc7z010'
Running DRC as a precondition to command route_design
INFO: [DRC 23-27] Running DRC with 8 threads
INFO: [Vivado_Tcl 4-198] DRC finished with 0 Errors
INFO: [Vivado_Tcl 4-199] Please refer to the DRC report (report_drc) for more information.


Starting Routing Task
INFO: [Route 35-254] Multithreading enabled for route_design using a maximum of 8 CPUs
Checksum: PlaceDB: 46bb9ef9 ConstDB: 0 ShapeSum: b2cf5f1a RouteDB: 0

Phase 1 Build RT Design
Phase 1 Build RT Design | Checksum: 11793d691

Time (s): cpu = 00:00:07 ; elapsed = 00:00:06 . Memory (MB): peak = 3185.367 ; gain = 0.000 ; free physical = 1883 ; free virtual = 10617
Post Restoration Checksum: NetGraph: 797c6058 NumContArr: 9e177639 Constraints: 0 Timing: 0

Phase 2 Router Initialization
INFO: [Route 35-64] No timing constraints were detected. The router will operate in resource-optimization mode.

Phase 2.1 Fix Topology Constraints
Phase 2.1 Fix Topology Constraints | Checksum: 11793d691

Time (s): cpu = 00:00:07 ; elapsed = 00:00:06 . Memory (MB): peak = 3185.367 ; gain = 0.000 ; free physical = 1851 ; free virtual = 10587

Phase 2.2 Pre Route Cleanup
Phase 2.2 Pre Route Cleanup | Checksum: 11793d691

Time (s): cpu = 00:00:07 ; elapsed = 00:00:06 . Memory (MB): peak = 3185.367 ; gain = 0.000 ; free physical = 1851 ; free virtual = 10587
 Number of Nodes with overlaps = 0
Phase 2 Router Initialization | Checksum: a2a39237

Time (s): cpu = 00:00:07 ; elapsed = 00:00:06 . Memory (MB): peak = 3193.379 ; gain = 8.012 ; free physical = 1849 ; free virtual = 10584

Router Utilization Summary
  Global Vertical Routing Utilization    = 0 %
  Global Horizontal Routing Utilization  = 0 %
  Routable Net Status*
  *Does not include unroutable nets such as driverless and loadless.
  Run report_route_status for detailed report.
  Number of Failed Nets               = 5
    (Failed Nets is the sum of unrouted and partially routed nets)
  Number of Unrouted Nets             = 5
  Number of Partially Routed Nets     = 0
  Number of Node Overlaps             = 0


Phase 3 Initial Routing

Phase 3.1 Global Routing
Phase 3.1 Global Routing | Checksum: a2a39237

Time (s): cpu = 00:00:07 ; elapsed = 00:00:06 . Memory (MB): peak = 3193.379 ; gain = 8.012 ; free physical = 1848 ; free virtual = 10584
 Number of Nodes with overlaps = 0
Phase 3 Initial Routing | Checksum: a379360f

Time (s): cpu = 00:00:07 ; elapsed = 00:00:06 . Memory (MB): peak = 3193.379 ; gain = 8.012 ; free physical = 1848 ; free virtual = 10584

Phase 4 Rip-up And Reroute

Phase 4.1 Global Iteration 0
Phase 4.1 Global Iteration 0 | Checksum: a379360f

Time (s): cpu = 00:00:07 ; elapsed = 00:00:06 . Memory (MB): peak = 3193.379 ; gain = 8.012 ; free physical = 1848 ; free virtual = 10584
Phase 4 Rip-up And Reroute | Checksum: a379360f

Time (s): cpu = 00:00:07 ; elapsed = 00:00:06 . Memory (MB): peak = 3193.379 ; gain = 8.012 ; free physical = 1848 ; free virtual = 10584

Phase 5 Delay and Skew Optimization
Phase 5 Delay and Skew Optimization | Checksum: a379360f

Time (s): cpu = 00:00:07 ; elapsed = 00:00:06 . Memory (MB): peak = 3193.379 ; gain = 8.012 ; free physical = 1848 ; free virtual = 10584

Phase 6 Post Hold Fix

Phase 6.1 Hold Fix Iter
Phase 6.1 Hold Fix Iter | Checksum: a379360f

Time (s): cpu = 00:00:07 ; elapsed = 00:00:06 . Memory (MB): peak = 3193.379 ; gain = 8.012 ; free physical = 1848 ; free virtual = 10584
Phase 6 Post Hold Fix | Checksum: a379360f

Time (s): cpu = 00:00:07 ; elapsed = 00:00:06 . Memory (MB): peak = 3193.379 ; gain = 8.012 ; free physical = 1848 ; free virtual = 10584

Phase 7 Route finalize

Router Utilization Summary
  Global Vertical Routing Utilization    = 0.0154842 %
  Global Horizontal Routing Utilization  = 0.00275735 %
  Routable Net Status*
  *Does not include unroutable nets such as driverless and loadless.
  Run report_route_status for detailed report.
  Number of Failed Nets               = 0
    (Failed Nets is the sum of unrouted and partially routed nets)
  Number of Unrouted Nets             = 0
  Number of Partially Routed Nets     = 0
  Number of Node Overlaps             = 0

Congestion Report
North Dir 1x1 Area, Max Cong = 16.2162%, No Congested Regions.
South Dir 1x1 Area, Max Cong = 16.2162%, No Congested Regions.
East Dir 1x1 Area, Max Cong = 4.41176%, No Congested Regions.
West Dir 1x1 Area, Max Cong = 2.94118%, No Congested Regions.

------------------------------
Reporting congestion hotspots
------------------------------
Direction: North
----------------
Congested clusters found at Level 0
Effective congestion level: 0 Aspect Ratio: 1 Sparse Ratio: 0
Direction: South
----------------
Congested clusters found at Level 0
Effective congestion level: 0 Aspect Ratio: 1 Sparse Ratio: 0
Direction: East
----------------
Congested clusters found at Level 0
Effective congestion level: 0 Aspect Ratio: 1 Sparse Ratio: 0
Direction: West
----------------
Congested clusters found at Level 0
Effective congestion level: 0 Aspect Ratio: 1 Sparse Ratio: 0

Phase 7 Route finalize | Checksum: a379360f

Time (s): cpu = 00:00:07 ; elapsed = 00:00:06 . Memory (MB): peak = 3193.379 ; gain = 8.012 ; free physical = 1848 ; free virtual = 10584

Phase 8 Verifying routed nets

 Verification completed successfully
Phase 8 Verifying routed nets | Checksum: a379360f

Time (s): cpu = 00:00:07 ; elapsed = 00:00:06 . Memory (MB): peak = 3193.379 ; gain = 8.012 ; free physical = 1847 ; free virtual = 10583

Phase 9 Depositing Routes
Phase 9 Depositing Routes | Checksum: bc5483a4

Time (s): cpu = 00:00:07 ; elapsed = 00:00:06 . Memory (MB): peak = 3225.395 ; gain = 40.027 ; free physical = 1847 ; free virtual = 10583
INFO: [Route 35-16] Router Completed Successfully

Time (s): cpu = 00:00:07 ; elapsed = 00:00:06 . Memory (MB): peak = 3225.395 ; gain = 40.027 ; free physical = 1878 ; free virtual = 10614

Routing Is Done.
INFO: [Common 17-83] Releasing license: Implementation
59 Infos, 1 Warnings, 0 Critical Warnings and 0 Errors encountered.
route_design completed successfully
route_design: Time (s): cpu = 00:00:08 ; elapsed = 00:00:06 . Memory (MB): peak = 3225.395 ; gain = 40.027 ; free physical = 1878 ; free virtual = 10614
INFO: [Timing 38-480] Writing timing data to binary archive.
Writing placer database...
Writing XDEF routing.
Writing XDEF routing logical nets.
Writing XDEF routing special nets.
Write XDEF Complete: Time (s): cpu = 00:00:00.02 ; elapsed = 00:00:00.01 . Memory (MB): peak = 3225.395 ; gain = 0.000 ; free physical = 1877 ; free virtual = 10614
INFO: [Common 17-1381] The checkpoint '/home/josemrtnz/Documents/ECE524L/fa21-e524-lab-assignment1-part1-group-7/assignment_1/assignment_1.runs/impl_1/full_adder_unit_routed.dcp' has been generated.
INFO: [runtcl-4] Executing : report_drc -file full_adder_unit_drc_routed.rpt -pb full_adder_unit_drc_routed.pb -rpx full_adder_unit_drc_routed.rpx
Command: report_drc -file full_adder_unit_drc_routed.rpt -pb full_adder_unit_drc_routed.pb -rpx full_adder_unit_drc_routed.rpx
INFO: [IP_Flow 19-1839] IP Catalog is up to date.
INFO: [DRC 23-27] Running DRC with 8 threads
INFO: [Coretcl 2-168] The results of DRC are in file /home/josemrtnz/Documents/ECE524L/fa21-e524-lab-assignment1-part1-group-7/assignment_1/assignment_1.runs/impl_1/full_adder_unit_drc_routed.rpt.
report_drc completed successfully
INFO: [runtcl-4] Executing : report_methodology -file full_adder_unit_methodology_drc_routed.rpt -pb full_adder_unit_methodology_drc_routed.pb -rpx full_adder_unit_methodology_drc_routed.rpx
Command: report_methodology -file full_adder_unit_methodology_drc_routed.rpt -pb full_adder_unit_methodology_drc_routed.pb -rpx full_adder_unit_methodology_drc_routed.rpx
INFO: [Timing 38-35] Done setting XDC timing constraints.
INFO: [DRC 23-133] Running Methodology with 8 threads
INFO: [Coretcl 2-1520] The results of Report Methodology are in file /home/josemrtnz/Documents/ECE524L/fa21-e524-lab-assignment1-part1-group-7/assignment_1/assignment_1.runs/impl_1/full_adder_unit_methodology_drc_routed.rpt.
report_methodology completed successfully
INFO: [runtcl-4] Executing : report_power -file full_adder_unit_power_routed.rpt -pb full_adder_unit_power_summary_routed.pb -rpx full_adder_unit_power_routed.rpx
Command: report_power -file full_adder_unit_power_routed.rpt -pb full_adder_unit_power_summary_routed.pb -rpx full_adder_unit_power_routed.rpx
INFO: [Timing 38-35] Done setting XDC timing constraints.
WARNING: [Power 33-232] No user defined clocks were found in the design! Power estimation will be inaccurate until this is corrected.
Resolution: Please specify clocks using create_clock/create_generated_clock for sequential elements. For pure combinatorial circuits, please specify a virtual clock, otherwise the vectorless estimation might be inaccurate
Running Vector-less Activity Propagation...

Finished Running Vector-less Activity Propagation
71 Infos, 2 Warnings, 0 Critical Warnings and 0 Errors encountered.
report_power completed successfully
INFO: [runtcl-4] Executing : report_route_status -file full_adder_unit_route_status.rpt -pb full_adder_unit_route_status.pb
INFO: [runtcl-4] Executing : report_timing_summary -max_paths 10 -file full_adder_unit_timing_summary_routed.rpt -pb full_adder_unit_timing_summary_routed.pb -rpx full_adder_unit_timing_summary_routed.rpx -warn_on_violation 
INFO: [Timing 38-91] UpdateTimingParams: Speed grade: -1, Delay Type: min_max.
INFO: [Timing 38-191] Multithreading enabled for timing update using a maximum of 8 CPUs
WARNING: [Timing 38-313] There are no user specified timing constraints. Timing constraints are needed for proper timing analysis.
INFO: [runtcl-4] Executing : report_incremental_reuse -file full_adder_unit_incremental_reuse_routed.rpt
INFO: [Vivado_Tcl 4-1062] Incremental flow is disabled. No incremental reuse Info to report.
INFO: [runtcl-4] Executing : report_clock_utilization -file full_adder_unit_clock_utilization_routed.rpt
INFO: [runtcl-4] Executing : report_bus_skew -warn_on_violation -file full_adder_unit_bus_skew_routed.rpt -pb full_adder_unit_bus_skew_routed.pb -rpx full_adder_unit_bus_skew_routed.rpx
INFO: [Timing 38-91] UpdateTimingParams: Speed grade: -1, Delay Type: min_max.
INFO: [Timing 38-191] Multithreading enabled for timing update using a maximum of 8 CPUs
INFO: [Common 17-206] Exiting Vivado at Tue Sep  7 11:17:12 2021...

*** Running vivado
    with args -log full_adder_unit.vdi -applog -m64 -product Vivado -messageDb vivado.pb -mode batch -source full_adder_unit.tcl -notrace


****** Vivado v2020.2 (64-bit)
  **** SW Build 3064766 on Wed Nov 18 09:12:47 MST 2020
  **** IP Build 3064653 on Wed Nov 18 14:17:31 MST 2020
    ** Copyright 1986-2020 Xilinx, Inc. All Rights Reserved.

source full_adder_unit.tcl -notrace
Command: open_checkpoint full_adder_unit_routed.dcp

Starting open_checkpoint Task

Time (s): cpu = 00:00:00.08 ; elapsed = 00:00:00.05 . Memory (MB): peak = 2426.973 ; gain = 0.000 ; free physical = 3131 ; free virtual = 11863
CRITICAL WARNING: [Board 49-67] The board_part definition was not found for digilentinc.com:zybo-z7-10:part0:1.0. This can happen sometimes when you use custom board part. You can resolve this issue by setting 'board.repoPaths' parameter, pointing to the location of custom board files. Valid board_part values can be retrieved with the 'get_board_parts' Tcl command.
CRITICAL WARNING: [Board 49-67] The board_part definition was not found for digilentinc.com:zybo-z7-10:part0:1.0. This can happen sometimes when you use custom board part. You can resolve this issue by setting 'board.repoPaths' parameter, pointing to the location of custom board files. Valid board_part values can be retrieved with the 'get_board_parts' Tcl command.
INFO: [Device 21-403] Loading part xc7z010clg400-1
Netlist sorting complete. Time (s): cpu = 00:00:00 ; elapsed = 00:00:00 . Memory (MB): peak = 2427.066 ; gain = 0.000 ; free physical = 2777 ; free virtual = 11510
INFO: [Project 1-479] Netlist was created with Vivado 2020.2
INFO: [Project 1-570] Preparing netlist for logic optimization
INFO: [Timing 38-478] Restoring timing data from binary archive.
INFO: [Timing 38-479] Binary timing data restore complete.
INFO: [Project 1-856] Restoring constraints from binary archive.
INFO: [Project 1-853] Binary constraint restore complete.
Reading XDEF placement.
Reading placer database...
Reading XDEF routing.
Read XDEF File: Time (s): cpu = 00:00:00.07 ; elapsed = 00:00:00.10 . Memory (MB): peak = 2662.941 ; gain = 20.812 ; free physical = 2293 ; free virtual = 11026
Restored from archive | CPU: 0.100000 secs | Memory: 1.149300 MB |
Finished XDEF File Restore: Time (s): cpu = 00:00:00.08 ; elapsed = 00:00:00.10 . Memory (MB): peak = 2662.941 ; gain = 20.812 ; free physical = 2293 ; free virtual = 11026
Netlist sorting complete. Time (s): cpu = 00:00:00 ; elapsed = 00:00:00 . Memory (MB): peak = 2662.941 ; gain = 0.000 ; free physical = 2293 ; free virtual = 11026
INFO: [Project 1-111] Unisim Transformation Summary:
No Unisim elements were transformed.

INFO: [Project 1-604] Checkpoint was created with Vivado v2020.2 (64-bit) build 3064766
open_checkpoint: Time (s): cpu = 00:00:11 ; elapsed = 00:00:11 . Memory (MB): peak = 2662.941 ; gain = 235.969 ; free physical = 2294 ; free virtual = 11027
Command: write_bitstream -force full_adder_unit.bit
Attempting to get a license for feature 'Implementation' and/or device 'xc7z010'
INFO: [Common 17-349] Got license for feature 'Implementation' and/or device 'xc7z010'
Running DRC as a precondition to command write_bitstream
INFO: [IP_Flow 19-234] Refreshing IP repositories
INFO: [IP_Flow 19-1704] No user IP repositories specified
INFO: [IP_Flow 19-2313] Loaded Vivado IP repository '/home/josemrtnz/Documents/Xilinx/Vivado/2020.2/data/ip'.
INFO: [DRC 23-27] Running DRC with 8 threads
WARNING: [DRC ZPS7-1] PS7 block required: The PS7 cell must be used in this Zynq design in order to enable correct default configuration.
INFO: [Vivado 12-3199] DRC finished with 0 Errors, 1 Warnings
INFO: [Vivado 12-3200] Please refer to the DRC report (report_drc) for more information.
INFO: [Designutils 20-2272] Running write_bitstream with 8 threads.
Loading data files...
Loading site data...
Loading route data...
Processing options...
Creating bitmap...
Creating bitstream...
Writing bitstream ./full_adder_unit.bit...
INFO: [Vivado 12-1842] Bitgen Completed Successfully.
INFO: [Project 1-120] WebTalk data collection is mandatory when using a WebPACK part without a full Vivado license. To see the specific WebTalk data collected for your design, open the usage_statistics_webtalk.html or usage_statistics_webtalk.xml file in the implementation directory.
INFO: [Common 17-186] '/home/josemrtnz/Documents/ECE524L/fa21-e524-lab-assignment1-part1-group-7/assignment_1/assignment_1.runs/impl_1/usage_statistics_webtalk.xml' has been successfully sent to Xilinx on Tue Sep  7 11:18:01 2021. For additional details about this file, please refer to the WebTalk help file at /home/josemrtnz/Documents/Xilinx/Vivado/2020.2/doc/webtalk_introduction.html.
INFO: [Common 17-83] Releasing license: Implementation
21 Infos, 1 Warnings, 2 Critical Warnings and 0 Errors encountered.
write_bitstream completed successfully
write_bitstream: Time (s): cpu = 00:00:07 ; elapsed = 00:00:10 . Memory (MB): peak = 3112.941 ; gain = 450.000 ; free physical = 2232 ; free virtual = 10975
INFO: [Common 17-206] Exiting Vivado at Tue Sep  7 11:18:01 2021...

*** Running vivado
    with args -log full_adder_unit.vdi -applog -m64 -product Vivado -messageDb vivado.pb -mode batch -source full_adder_unit.tcl -notrace


****** Vivado v2020.2 (64-bit)
  **** SW Build 3064766 on Wed Nov 18 09:12:47 MST 2020
  **** IP Build 3064653 on Wed Nov 18 14:17:31 MST 2020
    ** Copyright 1986-2020 Xilinx, Inc. All Rights Reserved.

source full_adder_unit.tcl -notrace
Command: open_checkpoint full_adder_unit_routed.dcp

Starting open_checkpoint Task

Time (s): cpu = 00:00:00.09 ; elapsed = 00:00:00.06 . Memory (MB): peak = 2426.977 ; gain = 0.000 ; free physical = 884 ; free virtual = 13279
CRITICAL WARNING: [Board 49-67] The board_part definition was not found for digilentinc.com:zybo-z7-10:part0:1.0. This can happen sometimes when you use custom board part. You can resolve this issue by setting 'board.repoPaths' parameter, pointing to the location of custom board files. Valid board_part values can be retrieved with the 'get_board_parts' Tcl command.
CRITICAL WARNING: [Board 49-67] The board_part definition was not found for digilentinc.com:zybo-z7-10:part0:1.0. This can happen sometimes when you use custom board part. You can resolve this issue by setting 'board.repoPaths' parameter, pointing to the location of custom board files. Valid board_part values can be retrieved with the 'get_board_parts' Tcl command.
INFO: [Device 21-403] Loading part xc7z010clg400-1
Netlist sorting complete. Time (s): cpu = 00:00:00 ; elapsed = 00:00:00 . Memory (MB): peak = 2427.098 ; gain = 0.000 ; free physical = 470 ; free virtual = 12897
INFO: [Project 1-479] Netlist was created with Vivado 2020.2
INFO: [Project 1-570] Preparing netlist for logic optimization
INFO: [Timing 38-478] Restoring timing data from binary archive.
INFO: [Timing 38-479] Binary timing data restore complete.
INFO: [Project 1-856] Restoring constraints from binary archive.
INFO: [Project 1-853] Binary constraint restore complete.
Reading XDEF placement.
Reading placer database...
Reading XDEF routing.
Read XDEF File: Time (s): cpu = 00:00:00.09 ; elapsed = 00:00:00.12 . Memory (MB): peak = 2662.945 ; gain = 20.812 ; free physical = 164 ; free virtual = 12400
Restored from archive | CPU: 0.130000 secs | Memory: 1.149300 MB |
Finished XDEF File Restore: Time (s): cpu = 00:00:00.09 ; elapsed = 00:00:00.12 . Memory (MB): peak = 2662.945 ; gain = 20.812 ; free physical = 164 ; free virtual = 12400
Netlist sorting complete. Time (s): cpu = 00:00:00 ; elapsed = 00:00:00.01 . Memory (MB): peak = 2662.945 ; gain = 0.000 ; free physical = 164 ; free virtual = 12400
INFO: [Project 1-111] Unisim Transformation Summary:
No Unisim elements were transformed.

INFO: [Project 1-604] Checkpoint was created with Vivado v2020.2 (64-bit) build 3064766
open_checkpoint: Time (s): cpu = 00:00:14 ; elapsed = 00:00:16 . Memory (MB): peak = 2662.945 ; gain = 235.969 ; free physical = 163 ; free virtual = 12399
Command: write_bitstream -force full_adder_unit.bit
Attempting to get a license for feature 'Implementation' and/or device 'xc7z010'
INFO: [Common 17-349] Got license for feature 'Implementation' and/or device 'xc7z010'
Running DRC as a precondition to command write_bitstream
INFO: [IP_Flow 19-234] Refreshing IP repositories
INFO: [IP_Flow 19-1704] No user IP repositories specified
INFO: [IP_Flow 19-2313] Loaded Vivado IP repository '/home/josemrtnz/Documents/Xilinx/Vivado/2020.2/data/ip'.
INFO: [DRC 23-27] Running DRC with 8 threads
WARNING: [DRC ZPS7-1] PS7 block required: The PS7 cell must be used in this Zynq design in order to enable correct default configuration.
INFO: [Vivado 12-3199] DRC finished with 0 Errors, 1 Warnings
INFO: [Vivado 12-3200] Please refer to the DRC report (report_drc) for more information.
INFO: [Designutils 20-2272] Running write_bitstream with 8 threads.
Loading data files...
Loading site data...
Loading route data...
Processing options...
Creating bitmap...
Creating bitstream...
Writing bitstream ./full_adder_unit.bit...
INFO: [Vivado 12-1842] Bitgen Completed Successfully.
INFO: [Project 1-120] WebTalk data collection is mandatory when using a WebPACK part without a full Vivado license. To see the specific WebTalk data collected for your design, open the usage_statistics_webtalk.html or usage_statistics_webtalk.xml file in the implementation directory.
INFO: [Common 17-186] '/home/josemrtnz/Documents/ECE524L/fa21-e524-lab-assignment1-part1-group-7/assignment_1/assignment_1.runs/impl_1/usage_statistics_webtalk.xml' has been successfully sent to Xilinx on Thu Sep  9 15:34:50 2021. For additional details about this file, please refer to the WebTalk help file at /home/josemrtnz/Documents/Xilinx/Vivado/2020.2/doc/webtalk_introduction.html.
INFO: [Common 17-83] Releasing license: Implementation
21 Infos, 1 Warnings, 2 Critical Warnings and 0 Errors encountered.
write_bitstream completed successfully
write_bitstream: Time (s): cpu = 00:00:10 ; elapsed = 00:00:13 . Memory (MB): peak = 3112.945 ; gain = 450.000 ; free physical = 488 ; free virtual = 12346
INFO: [Common 17-206] Exiting Vivado at Thu Sep  9 15:34:50 2021...
