
*** Running vivado
    with args -log cic.vds -m64 -product Vivado -mode batch -messageDb vivado.pb -notrace -source cic.tcl


****** Vivado v2020.2 (64-bit)
  **** SW Build 3064766 on Wed Nov 18 09:12:47 MST 2020
  **** IP Build 3064653 on Wed Nov 18 14:17:31 MST 2020
    ** Copyright 1986-2020 Xilinx, Inc. All Rights Reserved.

source cic.tcl -notrace
Command: synth_design -top cic -part xc7z010clg400-1
Starting synth_design
Attempting to get a license for feature 'Synthesis' and/or device 'xc7z010'
INFO: [Common 17-349] Got license for feature 'Synthesis' and/or device 'xc7z010'
INFO: [Device 21-403] Loading part xc7z010clg400-1
INFO: [Synth 8-7079] Multithreading enabled for synth_design using a maximum of 4 processes.
INFO: [Synth 8-7078] Launching helper process for spawning children vivado processes
INFO: [Synth 8-7075] Helper process launched with PID 60179
---------------------------------------------------------------------------------
Starting RTL Elaboration : Time (s): cpu = 00:00:03 ; elapsed = 00:00:04 . Memory (MB): peak = 2444.906 ; gain = 17.805 ; free physical = 161 ; free virtual = 10378
---------------------------------------------------------------------------------
INFO: [Synth 8-638] synthesizing module 'cic' [/home/josemrtnz/Documents/ECE524L/fa21-e524-lab-assignment2-group-7/lab_assignment2_group7/lab_assignment2_group7.srcs/sources_1/imports/instruction/cic.vhd:19]
	Parameter CI_SIZE bound to: 28 - type: integer 
	Parameter CO_SIZE bound to: 30 - type: integer 
	Parameter STAGES bound to: 5 - type: integer 
INFO: [Synth 8-256] done synthesizing module 'cic' (1#1) [/home/josemrtnz/Documents/ECE524L/fa21-e524-lab-assignment2-group-7/lab_assignment2_group7/lab_assignment2_group7.srcs/sources_1/imports/instruction/cic.vhd:19]
---------------------------------------------------------------------------------
Finished RTL Elaboration : Time (s): cpu = 00:00:04 ; elapsed = 00:00:05 . Memory (MB): peak = 2486.844 ; gain = 59.742 ; free physical = 258 ; free virtual = 10367
---------------------------------------------------------------------------------
---------------------------------------------------------------------------------
Start Handling Custom Attributes
---------------------------------------------------------------------------------
---------------------------------------------------------------------------------
Finished Handling Custom Attributes : Time (s): cpu = 00:00:04 ; elapsed = 00:00:05 . Memory (MB): peak = 2501.688 ; gain = 74.586 ; free physical = 958 ; free virtual = 11066
---------------------------------------------------------------------------------
---------------------------------------------------------------------------------
Finished RTL Optimization Phase 1 : Time (s): cpu = 00:00:04 ; elapsed = 00:00:05 . Memory (MB): peak = 2501.688 ; gain = 74.586 ; free physical = 958 ; free virtual = 11066
---------------------------------------------------------------------------------
Netlist sorting complete. Time (s): cpu = 00:00:00 ; elapsed = 00:00:00 . Memory (MB): peak = 2501.688 ; gain = 0.000 ; free physical = 940 ; free virtual = 11048
INFO: [Project 1-570] Preparing netlist for logic optimization

Processing XDC Constraints
Initializing timing engine
Parsing XDC File [/home/josemrtnz/Documents/ECE524L/fa21-e524-lab-assignment2-group-7/lab_assignment2_group7/lab_assignment2_group7.srcs/constrs_1/imports/constrs/Zybo-Z7-Master-full-adder-map.xdc]
WARNING: [Vivado 12-584] No ports matched 'clksys'. [/home/josemrtnz/Documents/ECE524L/fa21-e524-lab-assignment2-group-7/lab_assignment2_group7/lab_assignment2_group7.srcs/constrs_1/imports/constrs/Zybo-Z7-Master-full-adder-map.xdc:8]
CRITICAL WARNING: [Common 17-55] 'set_property' expects at least one object. [/home/josemrtnz/Documents/ECE524L/fa21-e524-lab-assignment2-group-7/lab_assignment2_group7/lab_assignment2_group7.srcs/constrs_1/imports/constrs/Zybo-Z7-Master-full-adder-map.xdc:8]
Resolution: If [get_<value>] was used to populate the object, check to make sure this command returns at least one valid object.
WARNING: [Vivado 12-584] No ports matched 'clksys'. [/home/josemrtnz/Documents/ECE524L/fa21-e524-lab-assignment2-group-7/lab_assignment2_group7/lab_assignment2_group7.srcs/constrs_1/imports/constrs/Zybo-Z7-Master-full-adder-map.xdc:9]
CRITICAL WARNING: [Vivado 12-4739] create_clock:No valid object(s) found for '-objects [get_ports clksys]'. [/home/josemrtnz/Documents/ECE524L/fa21-e524-lab-assignment2-group-7/lab_assignment2_group7/lab_assignment2_group7.srcs/constrs_1/imports/constrs/Zybo-Z7-Master-full-adder-map.xdc:9]
Resolution: Check if the specified object(s) exists in the current design. If it does, ensure that the correct design hierarchy was specified for the object. If you are working with clocks, make sure create_clock was used to create the clock object before it is referenced.
WARNING: [Vivado 12-584] No ports matched 'sw[0]'. [/home/josemrtnz/Documents/ECE524L/fa21-e524-lab-assignment2-group-7/lab_assignment2_group7/lab_assignment2_group7.srcs/constrs_1/imports/constrs/Zybo-Z7-Master-full-adder-map.xdc:13]
CRITICAL WARNING: [Common 17-55] 'set_property' expects at least one object. [/home/josemrtnz/Documents/ECE524L/fa21-e524-lab-assignment2-group-7/lab_assignment2_group7/lab_assignment2_group7.srcs/constrs_1/imports/constrs/Zybo-Z7-Master-full-adder-map.xdc:13]
Resolution: If [get_<value>] was used to populate the object, check to make sure this command returns at least one valid object.
WARNING: [Vivado 12-584] No ports matched 'sw[1]'. [/home/josemrtnz/Documents/ECE524L/fa21-e524-lab-assignment2-group-7/lab_assignment2_group7/lab_assignment2_group7.srcs/constrs_1/imports/constrs/Zybo-Z7-Master-full-adder-map.xdc:14]
CRITICAL WARNING: [Common 17-55] 'set_property' expects at least one object. [/home/josemrtnz/Documents/ECE524L/fa21-e524-lab-assignment2-group-7/lab_assignment2_group7/lab_assignment2_group7.srcs/constrs_1/imports/constrs/Zybo-Z7-Master-full-adder-map.xdc:14]
Resolution: If [get_<value>] was used to populate the object, check to make sure this command returns at least one valid object.
WARNING: [Vivado 12-584] No ports matched 'sw[2]'. [/home/josemrtnz/Documents/ECE524L/fa21-e524-lab-assignment2-group-7/lab_assignment2_group7/lab_assignment2_group7.srcs/constrs_1/imports/constrs/Zybo-Z7-Master-full-adder-map.xdc:15]
CRITICAL WARNING: [Common 17-55] 'set_property' expects at least one object. [/home/josemrtnz/Documents/ECE524L/fa21-e524-lab-assignment2-group-7/lab_assignment2_group7/lab_assignment2_group7.srcs/constrs_1/imports/constrs/Zybo-Z7-Master-full-adder-map.xdc:15]
Resolution: If [get_<value>] was used to populate the object, check to make sure this command returns at least one valid object.
WARNING: [Vivado 12-584] No ports matched 'sw[3]'. [/home/josemrtnz/Documents/ECE524L/fa21-e524-lab-assignment2-group-7/lab_assignment2_group7/lab_assignment2_group7.srcs/constrs_1/imports/constrs/Zybo-Z7-Master-full-adder-map.xdc:16]
CRITICAL WARNING: [Common 17-55] 'set_property' expects at least one object. [/home/josemrtnz/Documents/ECE524L/fa21-e524-lab-assignment2-group-7/lab_assignment2_group7/lab_assignment2_group7.srcs/constrs_1/imports/constrs/Zybo-Z7-Master-full-adder-map.xdc:16]
Resolution: If [get_<value>] was used to populate the object, check to make sure this command returns at least one valid object.
WARNING: [Vivado 12-584] No ports matched 'btn[0]'. [/home/josemrtnz/Documents/ECE524L/fa21-e524-lab-assignment2-group-7/lab_assignment2_group7/lab_assignment2_group7.srcs/constrs_1/imports/constrs/Zybo-Z7-Master-full-adder-map.xdc:20]
CRITICAL WARNING: [Common 17-55] 'set_property' expects at least one object. [/home/josemrtnz/Documents/ECE524L/fa21-e524-lab-assignment2-group-7/lab_assignment2_group7/lab_assignment2_group7.srcs/constrs_1/imports/constrs/Zybo-Z7-Master-full-adder-map.xdc:20]
Resolution: If [get_<value>] was used to populate the object, check to make sure this command returns at least one valid object.
WARNING: [Vivado 12-584] No ports matched 'btn[1]'. [/home/josemrtnz/Documents/ECE524L/fa21-e524-lab-assignment2-group-7/lab_assignment2_group7/lab_assignment2_group7.srcs/constrs_1/imports/constrs/Zybo-Z7-Master-full-adder-map.xdc:21]
CRITICAL WARNING: [Common 17-55] 'set_property' expects at least one object. [/home/josemrtnz/Documents/ECE524L/fa21-e524-lab-assignment2-group-7/lab_assignment2_group7/lab_assignment2_group7.srcs/constrs_1/imports/constrs/Zybo-Z7-Master-full-adder-map.xdc:21]
Resolution: If [get_<value>] was used to populate the object, check to make sure this command returns at least one valid object.
WARNING: [Vivado 12-584] No ports matched 'btn[2]'. [/home/josemrtnz/Documents/ECE524L/fa21-e524-lab-assignment2-group-7/lab_assignment2_group7/lab_assignment2_group7.srcs/constrs_1/imports/constrs/Zybo-Z7-Master-full-adder-map.xdc:22]
CRITICAL WARNING: [Common 17-55] 'set_property' expects at least one object. [/home/josemrtnz/Documents/ECE524L/fa21-e524-lab-assignment2-group-7/lab_assignment2_group7/lab_assignment2_group7.srcs/constrs_1/imports/constrs/Zybo-Z7-Master-full-adder-map.xdc:22]
Resolution: If [get_<value>] was used to populate the object, check to make sure this command returns at least one valid object.
WARNING: [Vivado 12-584] No ports matched 'btn[3]'. [/home/josemrtnz/Documents/ECE524L/fa21-e524-lab-assignment2-group-7/lab_assignment2_group7/lab_assignment2_group7.srcs/constrs_1/imports/constrs/Zybo-Z7-Master-full-adder-map.xdc:23]
CRITICAL WARNING: [Common 17-55] 'set_property' expects at least one object. [/home/josemrtnz/Documents/ECE524L/fa21-e524-lab-assignment2-group-7/lab_assignment2_group7/lab_assignment2_group7.srcs/constrs_1/imports/constrs/Zybo-Z7-Master-full-adder-map.xdc:23]
Resolution: If [get_<value>] was used to populate the object, check to make sure this command returns at least one valid object.
WARNING: [Vivado 12-584] No ports matched 'led[0]'. [/home/josemrtnz/Documents/ECE524L/fa21-e524-lab-assignment2-group-7/lab_assignment2_group7/lab_assignment2_group7.srcs/constrs_1/imports/constrs/Zybo-Z7-Master-full-adder-map.xdc:27]
CRITICAL WARNING: [Common 17-55] 'set_property' expects at least one object. [/home/josemrtnz/Documents/ECE524L/fa21-e524-lab-assignment2-group-7/lab_assignment2_group7/lab_assignment2_group7.srcs/constrs_1/imports/constrs/Zybo-Z7-Master-full-adder-map.xdc:27]
Resolution: If [get_<value>] was used to populate the object, check to make sure this command returns at least one valid object.
WARNING: [Vivado 12-584] No ports matched 'led[1]'. [/home/josemrtnz/Documents/ECE524L/fa21-e524-lab-assignment2-group-7/lab_assignment2_group7/lab_assignment2_group7.srcs/constrs_1/imports/constrs/Zybo-Z7-Master-full-adder-map.xdc:28]
CRITICAL WARNING: [Common 17-55] 'set_property' expects at least one object. [/home/josemrtnz/Documents/ECE524L/fa21-e524-lab-assignment2-group-7/lab_assignment2_group7/lab_assignment2_group7.srcs/constrs_1/imports/constrs/Zybo-Z7-Master-full-adder-map.xdc:28]
Resolution: If [get_<value>] was used to populate the object, check to make sure this command returns at least one valid object.
WARNING: [Vivado 12-584] No ports matched 'led[2]'. [/home/josemrtnz/Documents/ECE524L/fa21-e524-lab-assignment2-group-7/lab_assignment2_group7/lab_assignment2_group7.srcs/constrs_1/imports/constrs/Zybo-Z7-Master-full-adder-map.xdc:29]
CRITICAL WARNING: [Common 17-55] 'set_property' expects at least one object. [/home/josemrtnz/Documents/ECE524L/fa21-e524-lab-assignment2-group-7/lab_assignment2_group7/lab_assignment2_group7.srcs/constrs_1/imports/constrs/Zybo-Z7-Master-full-adder-map.xdc:29]
Resolution: If [get_<value>] was used to populate the object, check to make sure this command returns at least one valid object.
WARNING: [Vivado 12-584] No ports matched 'led[3]'. [/home/josemrtnz/Documents/ECE524L/fa21-e524-lab-assignment2-group-7/lab_assignment2_group7/lab_assignment2_group7.srcs/constrs_1/imports/constrs/Zybo-Z7-Master-full-adder-map.xdc:30]
CRITICAL WARNING: [Common 17-55] 'set_property' expects at least one object. [/home/josemrtnz/Documents/ECE524L/fa21-e524-lab-assignment2-group-7/lab_assignment2_group7/lab_assignment2_group7.srcs/constrs_1/imports/constrs/Zybo-Z7-Master-full-adder-map.xdc:30]
Resolution: If [get_<value>] was used to populate the object, check to make sure this command returns at least one valid object.
Finished Parsing XDC File [/home/josemrtnz/Documents/ECE524L/fa21-e524-lab-assignment2-group-7/lab_assignment2_group7/lab_assignment2_group7.srcs/constrs_1/imports/constrs/Zybo-Z7-Master-full-adder-map.xdc]
Completed Processing XDC Constraints

Netlist sorting complete. Time (s): cpu = 00:00:00 ; elapsed = 00:00:00 . Memory (MB): peak = 2665.500 ; gain = 0.000 ; free physical = 921 ; free virtual = 11029
INFO: [Project 1-111] Unisim Transformation Summary:
No Unisim elements were transformed.

Constraint Validation Runtime : Time (s): cpu = 00:00:00 ; elapsed = 00:00:00 . Memory (MB): peak = 2665.500 ; gain = 0.000 ; free physical = 921 ; free virtual = 11029
---------------------------------------------------------------------------------
Finished Constraint Validation : Time (s): cpu = 00:00:08 ; elapsed = 00:00:10 . Memory (MB): peak = 2665.500 ; gain = 238.398 ; free physical = 966 ; free virtual = 11075
---------------------------------------------------------------------------------
---------------------------------------------------------------------------------
Start Loading Part and Timing Information
---------------------------------------------------------------------------------
Loading part: xc7z010clg400-1
---------------------------------------------------------------------------------
Finished Loading Part and Timing Information : Time (s): cpu = 00:00:08 ; elapsed = 00:00:10 . Memory (MB): peak = 2665.500 ; gain = 238.398 ; free physical = 966 ; free virtual = 11075
---------------------------------------------------------------------------------
---------------------------------------------------------------------------------
Start Applying 'set_property' XDC Constraints
---------------------------------------------------------------------------------
---------------------------------------------------------------------------------
Finished applying 'set_property' XDC Constraints : Time (s): cpu = 00:00:08 ; elapsed = 00:00:10 . Memory (MB): peak = 2665.500 ; gain = 238.398 ; free physical = 969 ; free virtual = 11077
---------------------------------------------------------------------------------
---------------------------------------------------------------------------------
Finished RTL Optimization Phase 2 : Time (s): cpu = 00:00:09 ; elapsed = 00:00:10 . Memory (MB): peak = 2665.500 ; gain = 238.398 ; free physical = 967 ; free virtual = 11077
---------------------------------------------------------------------------------
---------------------------------------------------------------------------------
Start RTL Component Statistics 
---------------------------------------------------------------------------------
Detailed RTL Component Info : 
+---Adders : 
	   3 Input   30 Bit       Adders := 5     
+---Registers : 
	               30 Bit    Registers := 12    
---------------------------------------------------------------------------------
Finished RTL Component Statistics 
---------------------------------------------------------------------------------
---------------------------------------------------------------------------------
Start Part Resource Summary
---------------------------------------------------------------------------------
Part Resources:
DSPs: 80 (col length:40)
BRAMs: 120 (col length: RAMB18 40 RAMB36 20)
---------------------------------------------------------------------------------
Finished Part Resource Summary
---------------------------------------------------------------------------------
---------------------------------------------------------------------------------
Start Cross Boundary and Area Optimization
---------------------------------------------------------------------------------
---------------------------------------------------------------------------------
Finished Cross Boundary and Area Optimization : Time (s): cpu = 00:00:09 ; elapsed = 00:00:11 . Memory (MB): peak = 2665.500 ; gain = 238.398 ; free physical = 965 ; free virtual = 11079
---------------------------------------------------------------------------------
---------------------------------------------------------------------------------
Start Applying XDC Timing Constraints
---------------------------------------------------------------------------------
---------------------------------------------------------------------------------
Finished Applying XDC Timing Constraints : Time (s): cpu = 00:00:14 ; elapsed = 00:00:16 . Memory (MB): peak = 2665.500 ; gain = 238.398 ; free physical = 816 ; free virtual = 10938
---------------------------------------------------------------------------------
---------------------------------------------------------------------------------
Start Timing Optimization
---------------------------------------------------------------------------------
---------------------------------------------------------------------------------
Finished Timing Optimization : Time (s): cpu = 00:00:14 ; elapsed = 00:00:16 . Memory (MB): peak = 2665.500 ; gain = 238.398 ; free physical = 816 ; free virtual = 10939
---------------------------------------------------------------------------------
---------------------------------------------------------------------------------
Start Technology Mapping
---------------------------------------------------------------------------------
---------------------------------------------------------------------------------
Finished Technology Mapping : Time (s): cpu = 00:00:15 ; elapsed = 00:00:16 . Memory (MB): peak = 2665.500 ; gain = 238.398 ; free physical = 797 ; free virtual = 10931
---------------------------------------------------------------------------------
---------------------------------------------------------------------------------
Start IO Insertion
---------------------------------------------------------------------------------
---------------------------------------------------------------------------------
Start Flattening Before IO Insertion
---------------------------------------------------------------------------------
---------------------------------------------------------------------------------
Finished Flattening Before IO Insertion
---------------------------------------------------------------------------------
---------------------------------------------------------------------------------
Start Final Netlist Cleanup
---------------------------------------------------------------------------------
---------------------------------------------------------------------------------
Finished Final Netlist Cleanup
---------------------------------------------------------------------------------
---------------------------------------------------------------------------------
Finished IO Insertion : Time (s): cpu = 00:00:17 ; elapsed = 00:00:19 . Memory (MB): peak = 2665.500 ; gain = 238.398 ; free physical = 778 ; free virtual = 10929
---------------------------------------------------------------------------------
---------------------------------------------------------------------------------
Start Renaming Generated Instances
---------------------------------------------------------------------------------
---------------------------------------------------------------------------------
Finished Renaming Generated Instances : Time (s): cpu = 00:00:17 ; elapsed = 00:00:19 . Memory (MB): peak = 2665.500 ; gain = 238.398 ; free physical = 778 ; free virtual = 10928
---------------------------------------------------------------------------------
---------------------------------------------------------------------------------
Start Rebuilding User Hierarchy
---------------------------------------------------------------------------------
---------------------------------------------------------------------------------
Finished Rebuilding User Hierarchy : Time (s): cpu = 00:00:17 ; elapsed = 00:00:19 . Memory (MB): peak = 2665.500 ; gain = 238.398 ; free physical = 778 ; free virtual = 10928
---------------------------------------------------------------------------------
---------------------------------------------------------------------------------
Start Renaming Generated Ports
---------------------------------------------------------------------------------
---------------------------------------------------------------------------------
Finished Renaming Generated Ports : Time (s): cpu = 00:00:17 ; elapsed = 00:00:19 . Memory (MB): peak = 2665.500 ; gain = 238.398 ; free physical = 777 ; free virtual = 10928
---------------------------------------------------------------------------------
---------------------------------------------------------------------------------
Start Handling Custom Attributes
---------------------------------------------------------------------------------
---------------------------------------------------------------------------------
Finished Handling Custom Attributes : Time (s): cpu = 00:00:17 ; elapsed = 00:00:19 . Memory (MB): peak = 2665.500 ; gain = 238.398 ; free physical = 777 ; free virtual = 10928
---------------------------------------------------------------------------------
---------------------------------------------------------------------------------
Start Renaming Generated Nets
---------------------------------------------------------------------------------
---------------------------------------------------------------------------------
Finished Renaming Generated Nets : Time (s): cpu = 00:00:17 ; elapsed = 00:00:19 . Memory (MB): peak = 2665.500 ; gain = 238.398 ; free physical = 777 ; free virtual = 10928
---------------------------------------------------------------------------------
---------------------------------------------------------------------------------
Start Writing Synthesis Report
---------------------------------------------------------------------------------

Report BlackBoxes: 
+-+--------------+----------+
| |BlackBox name |Instances |
+-+--------------+----------+
+-+--------------+----------+

Report Cell Usage: 
+------+-------+------+
|      |Cell   |Count |
+------+-------+------+
|1     |BUFG   |     1|
|2     |CARRY4 |    80|
|3     |LUT2   |   301|
|4     |FDRE   |   508|
|5     |IBUF   |    32|
|6     |OBUF   |    30|
+------+-------+------+
---------------------------------------------------------------------------------
Finished Writing Synthesis Report : Time (s): cpu = 00:00:17 ; elapsed = 00:00:19 . Memory (MB): peak = 2665.500 ; gain = 238.398 ; free physical = 777 ; free virtual = 10927
---------------------------------------------------------------------------------
Synthesis finished with 0 errors, 0 critical warnings and 0 warnings.
Synthesis Optimization Runtime : Time (s): cpu = 00:00:16 ; elapsed = 00:00:17 . Memory (MB): peak = 2665.500 ; gain = 74.586 ; free physical = 833 ; free virtual = 10984
Synthesis Optimization Complete : Time (s): cpu = 00:00:17 ; elapsed = 00:00:19 . Memory (MB): peak = 2665.500 ; gain = 238.398 ; free physical = 833 ; free virtual = 10984
INFO: [Project 1-571] Translating synthesized netlist
Netlist sorting complete. Time (s): cpu = 00:00:00 ; elapsed = 00:00:00.01 . Memory (MB): peak = 2665.500 ; gain = 0.000 ; free physical = 925 ; free virtual = 11069
INFO: [Netlist 29-17] Analyzing 80 Unisim elements for replacement
INFO: [Netlist 29-28] Unisim Transformation completed in 0 CPU seconds
INFO: [Project 1-570] Preparing netlist for logic optimization
INFO: [Opt 31-138] Pushed 0 inverter(s) to 0 load pin(s).
Netlist sorting complete. Time (s): cpu = 00:00:00 ; elapsed = 00:00:00 . Memory (MB): peak = 2665.500 ; gain = 0.000 ; free physical = 886 ; free virtual = 11030
INFO: [Project 1-111] Unisim Transformation Summary:
No Unisim elements were transformed.

INFO: [Common 17-83] Releasing license: Synthesis
16 Infos, 14 Warnings, 14 Critical Warnings and 0 Errors encountered.
synth_design completed successfully
synth_design: Time (s): cpu = 00:00:25 ; elapsed = 00:00:23 . Memory (MB): peak = 2665.500 ; gain = 238.500 ; free physical = 1022 ; free virtual = 11166
INFO: [runtcl-6] Synthesis results are not added to the cache due to CRITICAL_WARNING
INFO: [Common 17-1381] The checkpoint '/home/josemrtnz/Documents/ECE524L/fa21-e524-lab-assignment2-group-7/lab_assignment2_group7/lab_assignment2_group7.runs/synth_1/cic.dcp' has been generated.
INFO: [runtcl-4] Executing : report_utilization -file cic_utilization_synth.rpt -pb cic_utilization_synth.pb
INFO: [Common 17-206] Exiting Vivado at Mon Sep 27 22:32:58 2021...
